The system is: Linux - 4.12.14-lp151.28.36-default - x86_64
Compiling the C compiler identification source file "CMakeCCompilerId.c" succeeded.
Compiler: /usr/bin/cc 
Build flags: 
Id flags:  

The output was:
0


Compilation of the C compiler identification source "CMakeCCompilerId.c" produced "a.out"

The C compiler identification is GNU, found in "/home/netpipe/Desktop/pulseviz/CMakeFiles/3.10.2/CompilerIdC/a.out"

Compiling the CXX compiler identification source file "CMakeCXXCompilerId.cpp" succeeded.
Compiler: /usr/bin/c++ 
Build flags: 
Id flags:  

The output was:
0


Compilation of the CXX compiler identification source "CMakeCXXCompilerId.cpp" produced "a.out"

The CXX compiler identification is GNU, found in "/home/netpipe/Desktop/pulseviz/CMakeFiles/3.10.2/CompilerIdCXX/a.out"

Determining if the C compiler works passed with the following output:
Change Dir: /home/netpipe/Desktop/pulseviz/CMakeFiles/CMakeTmp

Run Build Command:"/usr/bin/gmake" "cmTC_a8b53/fast"
/usr/bin/gmake -f CMakeFiles/cmTC_a8b53.dir/build.make CMakeFiles/cmTC_a8b53.dir/build
gmake[1]: Entering directory '/home/netpipe/Desktop/pulseviz/CMakeFiles/CMakeTmp'
Building C object CMakeFiles/cmTC_a8b53.dir/testCCompiler.c.o
/usr/bin/cc    -o CMakeFiles/cmTC_a8b53.dir/testCCompiler.c.o   -c /home/netpipe/Desktop/pulseviz/CMakeFiles/CMakeTmp/testCCompiler.c
Linking C executable cmTC_a8b53
/usr/bin/cmake -E cmake_link_script CMakeFiles/cmTC_a8b53.dir/link.txt --verbose=1
/usr/bin/cc      -rdynamic CMakeFiles/cmTC_a8b53.dir/testCCompiler.c.o  -o cmTC_a8b53 
gmake[1]: Leaving directory '/home/netpipe/Desktop/pulseviz/CMakeFiles/CMakeTmp'


Detecting C compiler ABI info compiled with the following output:
Change Dir: /home/netpipe/Desktop/pulseviz/CMakeFiles/CMakeTmp

Run Build Command:"/usr/bin/gmake" "cmTC_54db9/fast"
/usr/bin/gmake -f CMakeFiles/cmTC_54db9.dir/build.make CMakeFiles/cmTC_54db9.dir/build
gmake[1]: Entering directory '/home/netpipe/Desktop/pulseviz/CMakeFiles/CMakeTmp'
Building C object CMakeFiles/cmTC_54db9.dir/CMakeCCompilerABI.c.o
/usr/bin/cc    -o CMakeFiles/cmTC_54db9.dir/CMakeCCompilerABI.c.o   -c /usr/share/cmake/Modules/CMakeCCompilerABI.c
Linking C executable cmTC_54db9
/usr/bin/cmake -E cmake_link_script CMakeFiles/cmTC_54db9.dir/link.txt --verbose=1
/usr/bin/cc     -v -rdynamic CMakeFiles/cmTC_54db9.dir/CMakeCCompilerABI.c.o  -o cmTC_54db9 
Using built-in specs.
COLLECT_GCC=/usr/bin/cc
COLLECT_LTO_WRAPPER=/usr/lib64/gcc/x86_64-suse-linux/7/lto-wrapper
OFFLOAD_TARGET_NAMES=hsa:nvptx-none
Target: x86_64-suse-linux
Configured with: ../configure --prefix=/usr --infodir=/usr/share/info --mandir=/usr/share/man --libdir=/usr/lib64 --libexecdir=/usr/lib64 --enable-languages=c,c++,objc,fortran,obj-c++,ada,go --enable-offload-targets=hsa,nvptx-none=/usr/nvptx-none, --without-cuda-driver --enable-checking=release --disable-werror --with-gxx-include-dir=/usr/include/c++/7 --enable-ssp --disable-libssp --disable-libvtv --disable-libcc1 --disable-plugin --with-bugurl=https://bugs.opensuse.org/ --with-pkgversion='SUSE Linux' --with-slibdir=/lib64 --with-system-zlib --enable-libstdcxx-allocator=new --disable-libstdcxx-pch --enable-version-specific-runtime-libs --with-gcc-major-version-only --enable-linker-build-id --enable-linux-futex --enable-gnu-indirect-function --program-suffix=-7 --without-system-libunwind --enable-multilib --with-arch-32=x86-64 --with-tune=generic --build=x86_64-suse-linux --host=x86_64-suse-linux
Thread model: posix
gcc version 7.5.0 (SUSE Linux) 
COMPILER_PATH=/usr/lib64/gcc/x86_64-suse-linux/7/:/usr/lib64/gcc/x86_64-suse-linux/7/:/usr/lib64/gcc/x86_64-suse-linux/:/usr/lib64/gcc/x86_64-suse-linux/7/:/usr/lib64/gcc/x86_64-suse-linux/:/usr/lib64/gcc/x86_64-suse-linux/7/../../../../x86_64-suse-linux/bin/
LIBRARY_PATH=/usr/lib64/gcc/x86_64-suse-linux/7/:/usr/lib64/gcc/x86_64-suse-linux/7/../../../../lib64/:/lib/../lib64/:/usr/lib/../lib64/:/usr/lib64/gcc/x86_64-suse-linux/7/../../../../x86_64-suse-linux/lib/:/usr/lib64/gcc/x86_64-suse-linux/7/../../../:/lib/:/usr/lib/
COLLECT_GCC_OPTIONS='-v' '-rdynamic' '-o' 'cmTC_54db9' '-mtune=generic' '-march=x86-64'
 /usr/lib64/gcc/x86_64-suse-linux/7/collect2 -plugin /usr/lib64/gcc/x86_64-suse-linux/7/liblto_plugin.so -plugin-opt=/usr/lib64/gcc/x86_64-suse-linux/7/lto-wrapper -plugin-opt=-fresolution=/tmp/cc9KulLN.res -plugin-opt=-pass-through=-lgcc -plugin-opt=-pass-through=-lgcc_s -plugin-opt=-pass-through=-lc -plugin-opt=-pass-through=-lgcc -plugin-opt=-pass-through=-lgcc_s --build-id --eh-frame-hdr -m elf_x86_64 -export-dynamic -dynamic-linker /lib64/ld-linux-x86-64.so.2 -o cmTC_54db9 /usr/lib64/gcc/x86_64-suse-linux/7/../../../../lib64/crt1.o /usr/lib64/gcc/x86_64-suse-linux/7/../../../../lib64/crti.o /usr/lib64/gcc/x86_64-suse-linux/7/crtbegin.o -L/usr/lib64/gcc/x86_64-suse-linux/7 -L/usr/lib64/gcc/x86_64-suse-linux/7/../../../../lib64 -L/lib/../lib64 -L/usr/lib/../lib64 -L/usr/lib64/gcc/x86_64-suse-linux/7/../../../../x86_64-suse-linux/lib -L/usr/lib64/gcc/x86_64-suse-linux/7/../../.. CMakeFiles/cmTC_54db9.dir/CMakeCCompilerABI.c.o -lgcc --as-needed -lgcc_s --no-as-needed -lc -lgcc --as-needed -lgcc_s --no-as-needed /usr/lib64/gcc/x86_64-suse-linux/7/crtend.o /usr/lib64/gcc/x86_64-suse-linux/7/../../../../lib64/crtn.o
COLLECT_GCC_OPTIONS='-v' '-rdynamic' '-o' 'cmTC_54db9' '-mtune=generic' '-march=x86-64'
gmake[1]: Leaving directory '/home/netpipe/Desktop/pulseviz/CMakeFiles/CMakeTmp'


Parsed C implicit link information from above output:
  link line regex: [^( *|.*[/\])(ld|CMAKE_LINK_STARTFILE-NOTFOUND|([^/\]+-)?ld|collect2)[^/\]*( |$)]
  ignore line: [Change Dir: /home/netpipe/Desktop/pulseviz/CMakeFiles/CMakeTmp]
  ignore line: []
  ignore line: [Run Build Command:"/usr/bin/gmake" "cmTC_54db9/fast"]
  ignore line: [/usr/bin/gmake -f CMakeFiles/cmTC_54db9.dir/build.make CMakeFiles/cmTC_54db9.dir/build]
  ignore line: [gmake[1]: Entering directory '/home/netpipe/Desktop/pulseviz/CMakeFiles/CMakeTmp']
  ignore line: [Building C object CMakeFiles/cmTC_54db9.dir/CMakeCCompilerABI.c.o]
  ignore line: [/usr/bin/cc    -o CMakeFiles/cmTC_54db9.dir/CMakeCCompilerABI.c.o   -c /usr/share/cmake/Modules/CMakeCCompilerABI.c]
  ignore line: [Linking C executable cmTC_54db9]
  ignore line: [/usr/bin/cmake -E cmake_link_script CMakeFiles/cmTC_54db9.dir/link.txt --verbose=1]
  ignore line: [/usr/bin/cc     -v -rdynamic CMakeFiles/cmTC_54db9.dir/CMakeCCompilerABI.c.o  -o cmTC_54db9 ]
  ignore line: [Using built-in specs.]
  ignore line: [COLLECT_GCC=/usr/bin/cc]
  ignore line: [COLLECT_LTO_WRAPPER=/usr/lib64/gcc/x86_64-suse-linux/7/lto-wrapper]
  ignore line: [OFFLOAD_TARGET_NAMES=hsa:nvptx-none]
  ignore line: [Target: x86_64-suse-linux]
  ignore line: [Configured with: ../configure --prefix=/usr --infodir=/usr/share/info --mandir=/usr/share/man --libdir=/usr/lib64 --libexecdir=/usr/lib64 --enable-languages=c,c++,objc,fortran,obj-c++,ada,go --enable-offload-targets=hsa,nvptx-none=/usr/nvptx-none, --without-cuda-driver --enable-checking=release --disable-werror --with-gxx-include-dir=/usr/include/c++/7 --enable-ssp --disable-libssp --disable-libvtv --disable-libcc1 --disable-plugin --with-bugurl=https://bugs.opensuse.org/ --with-pkgversion='SUSE Linux' --with-slibdir=/lib64 --with-system-zlib --enable-libstdcxx-allocator=new --disable-libstdcxx-pch --enable-version-specific-runtime-libs --with-gcc-major-version-only --enable-linker-build-id --enable-linux-futex --enable-gnu-indirect-function --program-suffix=-7 --without-system-libunwind --enable-multilib --with-arch-32=x86-64 --with-tune=generic --build=x86_64-suse-linux --host=x86_64-suse-linux]
  ignore line: [Thread model: posix]
  ignore line: [gcc version 7.5.0 (SUSE Linux) ]
  ignore line: [COMPILER_PATH=/usr/lib64/gcc/x86_64-suse-linux/7/:/usr/lib64/gcc/x86_64-suse-linux/7/:/usr/lib64/gcc/x86_64-suse-linux/:/usr/lib64/gcc/x86_64-suse-linux/7/:/usr/lib64/gcc/x86_64-suse-linux/:/usr/lib64/gcc/x86_64-suse-linux/7/../../../../x86_64-suse-linux/bin/]
  ignore line: [LIBRARY_PATH=/usr/lib64/gcc/x86_64-suse-linux/7/:/usr/lib64/gcc/x86_64-suse-linux/7/../../../../lib64/:/lib/../lib64/:/usr/lib/../lib64/:/usr/lib64/gcc/x86_64-suse-linux/7/../../../../x86_64-suse-linux/lib/:/usr/lib64/gcc/x86_64-suse-linux/7/../../../:/lib/:/usr/lib/]
  ignore line: [COLLECT_GCC_OPTIONS='-v' '-rdynamic' '-o' 'cmTC_54db9' '-mtune=generic' '-march=x86-64']
  link line: [ /usr/lib64/gcc/x86_64-suse-linux/7/collect2 -plugin /usr/lib64/gcc/x86_64-suse-linux/7/liblto_plugin.so -plugin-opt=/usr/lib64/gcc/x86_64-suse-linux/7/lto-wrapper -plugin-opt=-fresolution=/tmp/cc9KulLN.res -plugin-opt=-pass-through=-lgcc -plugin-opt=-pass-through=-lgcc_s -plugin-opt=-pass-through=-lc -plugin-opt=-pass-through=-lgcc -plugin-opt=-pass-through=-lgcc_s --build-id --eh-frame-hdr -m elf_x86_64 -export-dynamic -dynamic-linker /lib64/ld-linux-x86-64.so.2 -o cmTC_54db9 /usr/lib64/gcc/x86_64-suse-linux/7/../../../../lib64/crt1.o /usr/lib64/gcc/x86_64-suse-linux/7/../../../../lib64/crti.o /usr/lib64/gcc/x86_64-suse-linux/7/crtbegin.o -L/usr/lib64/gcc/x86_64-suse-linux/7 -L/usr/lib64/gcc/x86_64-suse-linux/7/../../../../lib64 -L/lib/../lib64 -L/usr/lib/../lib64 -L/usr/lib64/gcc/x86_64-suse-linux/7/../../../../x86_64-suse-linux/lib -L/usr/lib64/gcc/x86_64-suse-linux/7/../../.. CMakeFiles/cmTC_54db9.dir/CMakeCCompilerABI.c.o -lgcc --as-needed -lgcc_s --no-as-needed -lc -lgcc --as-needed -lgcc_s --no-as-needed /usr/lib64/gcc/x86_64-suse-linux/7/crtend.o /usr/lib64/gcc/x86_64-suse-linux/7/../../../../lib64/crtn.o]
    arg [/usr/lib64/gcc/x86_64-suse-linux/7/collect2] ==> ignore
    arg [-plugin] ==> ignore
    arg [/usr/lib64/gcc/x86_64-suse-linux/7/liblto_plugin.so] ==> ignore
    arg [-plugin-opt=/usr/lib64/gcc/x86_64-suse-linux/7/lto-wrapper] ==> ignore
    arg [-plugin-opt=-fresolution=/tmp/cc9KulLN.res] ==> ignore
    arg [-plugin-opt=-pass-through=-lgcc] ==> ignore
    arg [-plugin-opt=-pass-through=-lgcc_s] ==> ignore
    arg [-plugin-opt=-pass-through=-lc] ==> ignore
    arg [-plugin-opt=-pass-through=-lgcc] ==> ignore
    arg [-plugin-opt=-pass-through=-lgcc_s] ==> ignore
    arg [--build-id] ==> ignore
    arg [--eh-frame-hdr] ==> ignore
    arg [-m] ==> ignore
    arg [elf_x86_64] ==> ignore
    arg [-export-dynamic] ==> ignore
    arg [-dynamic-linker] ==> ignore
    arg [/lib64/ld-linux-x86-64.so.2] ==> ignore
    arg [-o] ==> ignore
    arg [cmTC_54db9] ==> ignore
    arg [/usr/lib64/gcc/x86_64-suse-linux/7/../../../../lib64/crt1.o] ==> ignore
    arg [/usr/lib64/gcc/x86_64-suse-linux/7/../../../../lib64/crti.o] ==> ignore
    arg [/usr/lib64/gcc/x86_64-suse-linux/7/crtbegin.o] ==> ignore
    arg [-L/usr/lib64/gcc/x86_64-suse-linux/7] ==> dir [/usr/lib64/gcc/x86_64-suse-linux/7]
    arg [-L/usr/lib64/gcc/x86_64-suse-linux/7/../../../../lib64] ==> dir [/usr/lib64/gcc/x86_64-suse-linux/7/../../../../lib64]
    arg [-L/lib/../lib64] ==> dir [/lib/../lib64]
    arg [-L/usr/lib/../lib64] ==> dir [/usr/lib/../lib64]
    arg [-L/usr/lib64/gcc/x86_64-suse-linux/7/../../../../x86_64-suse-linux/lib] ==> dir [/usr/lib64/gcc/x86_64-suse-linux/7/../../../../x86_64-suse-linux/lib]
    arg [-L/usr/lib64/gcc/x86_64-suse-linux/7/../../..] ==> dir [/usr/lib64/gcc/x86_64-suse-linux/7/../../..]
    arg [CMakeFiles/cmTC_54db9.dir/CMakeCCompilerABI.c.o] ==> ignore
    arg [-lgcc] ==> lib [gcc]
    arg [--as-needed] ==> ignore
    arg [-lgcc_s] ==> lib [gcc_s]
    arg [--no-as-needed] ==> ignore
    arg [-lc] ==> lib [c]
    arg [-lgcc] ==> lib [gcc]
    arg [--as-needed] ==> ignore
    arg [-lgcc_s] ==> lib [gcc_s]
    arg [--no-as-needed] ==> ignore
    arg [/usr/lib64/gcc/x86_64-suse-linux/7/crtend.o] ==> ignore
    arg [/usr/lib64/gcc/x86_64-suse-linux/7/../../../../lib64/crtn.o] ==> ignore
  collapse library dir [/usr/lib64/gcc/x86_64-suse-linux/7] ==> [/usr/lib64/gcc/x86_64-suse-linux/7]
  collapse library dir [/usr/lib64/gcc/x86_64-suse-linux/7/../../../../lib64] ==> [/usr/lib64]
  collapse library dir [/lib/../lib64] ==> [/lib64]
  collapse library dir [/usr/lib/../lib64] ==> [/usr/lib64]
  collapse library dir [/usr/lib64/gcc/x86_64-suse-linux/7/../../../../x86_64-suse-linux/lib] ==> [/usr/x86_64-suse-linux/lib]
  collapse library dir [/usr/lib64/gcc/x86_64-suse-linux/7/../../..] ==> [/usr/lib64]
  implicit libs: [gcc;gcc_s;c;gcc;gcc_s]
  implicit dirs: [/usr/lib64/gcc/x86_64-suse-linux/7;/usr/lib64;/lib64;/usr/x86_64-suse-linux/lib]
  implicit fwks: []




Detecting C [-std=c11] compiler features compiled with the following output:
Change Dir: /home/netpipe/Desktop/pulseviz/CMakeFiles/CMakeTmp

Run Build Command:"/usr/bin/gmake" "cmTC_484ab/fast"
/usr/bin/gmake -f CMakeFiles/cmTC_484ab.dir/build.make CMakeFiles/cmTC_484ab.dir/build
gmake[1]: Entering directory '/home/netpipe/Desktop/pulseviz/CMakeFiles/CMakeTmp'
Building C object CMakeFiles/cmTC_484ab.dir/feature_tests.c.o
/usr/bin/cc   -std=c11 -o CMakeFiles/cmTC_484ab.dir/feature_tests.c.o   -c /home/netpipe/Desktop/pulseviz/CMakeFiles/feature_tests.c
Linking C executable cmTC_484ab
/usr/bin/cmake -E cmake_link_script CMakeFiles/cmTC_484ab.dir/link.txt --verbose=1
/usr/bin/cc      -rdynamic CMakeFiles/cmTC_484ab.dir/feature_tests.c.o  -o cmTC_484ab 
gmake[1]: Leaving directory '/home/netpipe/Desktop/pulseviz/CMakeFiles/CMakeTmp'


    Feature record: C_FEATURE:1c_function_prototypes
    Feature record: C_FEATURE:1c_restrict
    Feature record: C_FEATURE:1c_static_assert
    Feature record: C_FEATURE:1c_variadic_macros


Detecting C [-std=c99] compiler features compiled with the following output:
Change Dir: /home/netpipe/Desktop/pulseviz/CMakeFiles/CMakeTmp

Run Build Command:"/usr/bin/gmake" "cmTC_edf2f/fast"
/usr/bin/gmake -f CMakeFiles/cmTC_edf2f.dir/build.make CMakeFiles/cmTC_edf2f.dir/build
gmake[1]: Entering directory '/home/netpipe/Desktop/pulseviz/CMakeFiles/CMakeTmp'
Building C object CMakeFiles/cmTC_edf2f.dir/feature_tests.c.o
/usr/bin/cc   -std=c99 -o CMakeFiles/cmTC_edf2f.dir/feature_tests.c.o   -c /home/netpipe/Desktop/pulseviz/CMakeFiles/feature_tests.c
Linking C executable cmTC_edf2f
/usr/bin/cmake -E cmake_link_script CMakeFiles/cmTC_edf2f.dir/link.txt --verbose=1
/usr/bin/cc      -rdynamic CMakeFiles/cmTC_edf2f.dir/feature_tests.c.o  -o cmTC_edf2f 
gmake[1]: Leaving directory '/home/netpipe/Desktop/pulseviz/CMakeFiles/CMakeTmp'


    Feature record: C_FEATURE:1c_function_prototypes
    Feature record: C_FEATURE:1c_restrict
    Feature record: C_FEATURE:0c_static_assert
    Feature record: C_FEATURE:1c_variadic_macros


Detecting C [-std=c90] compiler features compiled with the following output:
Change Dir: /home/netpipe/Desktop/pulseviz/CMakeFiles/CMakeTmp

Run Build Command:"/usr/bin/gmake" "cmTC_b017a/fast"
/usr/bin/gmake -f CMakeFiles/cmTC_b017a.dir/build.make CMakeFiles/cmTC_b017a.dir/build
gmake[1]: Entering directory '/home/netpipe/Desktop/pulseviz/CMakeFiles/CMakeTmp'
Building C object CMakeFiles/cmTC_b017a.dir/feature_tests.c.o
/usr/bin/cc   -std=c90 -o CMakeFiles/cmTC_b017a.dir/feature_tests.c.o   -c /home/netpipe/Desktop/pulseviz/CMakeFiles/feature_tests.c
Linking C executable cmTC_b017a
/usr/bin/cmake -E cmake_link_script CMakeFiles/cmTC_b017a.dir/link.txt --verbose=1
/usr/bin/cc      -rdynamic CMakeFiles/cmTC_b017a.dir/feature_tests.c.o  -o cmTC_b017a 
gmake[1]: Leaving directory '/home/netpipe/Desktop/pulseviz/CMakeFiles/CMakeTmp'


    Feature record: C_FEATURE:1c_function_prototypes
    Feature record: C_FEATURE:0c_restrict
    Feature record: C_FEATURE:0c_static_assert
    Feature record: C_FEATURE:0c_variadic_macros
Determining if the CXX compiler works passed with the following output:
Change Dir: /home/netpipe/Desktop/pulseviz/CMakeFiles/CMakeTmp

Run Build Command:"/usr/bin/gmake" "cmTC_fb86d/fast"
/usr/bin/gmake -f CMakeFiles/cmTC_fb86d.dir/build.make CMakeFiles/cmTC_fb86d.dir/build
gmake[1]: Entering directory '/home/netpipe/Desktop/pulseviz/CMakeFiles/CMakeTmp'
Building CXX object CMakeFiles/cmTC_fb86d.dir/testCXXCompiler.cxx.o
/usr/bin/c++     -o CMakeFiles/cmTC_fb86d.dir/testCXXCompiler.cxx.o -c /home/netpipe/Desktop/pulseviz/CMakeFiles/CMakeTmp/testCXXCompiler.cxx
Linking CXX executable cmTC_fb86d
/usr/bin/cmake -E cmake_link_script CMakeFiles/cmTC_fb86d.dir/link.txt --verbose=1
/usr/bin/c++       -rdynamic CMakeFiles/cmTC_fb86d.dir/testCXXCompiler.cxx.o  -o cmTC_fb86d 
gmake[1]: Leaving directory '/home/netpipe/Desktop/pulseviz/CMakeFiles/CMakeTmp'


Detecting CXX compiler ABI info compiled with the following output:
Change Dir: /home/netpipe/Desktop/pulseviz/CMakeFiles/CMakeTmp

Run Build Command:"/usr/bin/gmake" "cmTC_e122c/fast"
/usr/bin/gmake -f CMakeFiles/cmTC_e122c.dir/build.make CMakeFiles/cmTC_e122c.dir/build
gmake[1]: Entering directory '/home/netpipe/Desktop/pulseviz/CMakeFiles/CMakeTmp'
Building CXX object CMakeFiles/cmTC_e122c.dir/CMakeCXXCompilerABI.cpp.o
/usr/bin/c++     -o CMakeFiles/cmTC_e122c.dir/CMakeCXXCompilerABI.cpp.o -c /usr/share/cmake/Modules/CMakeCXXCompilerABI.cpp
Linking CXX executable cmTC_e122c
/usr/bin/cmake -E cmake_link_script CMakeFiles/cmTC_e122c.dir/link.txt --verbose=1
/usr/bin/c++      -v -rdynamic CMakeFiles/cmTC_e122c.dir/CMakeCXXCompilerABI.cpp.o  -o cmTC_e122c 
Using built-in specs.
COLLECT_GCC=/usr/bin/c++
COLLECT_LTO_WRAPPER=/usr/lib64/gcc/x86_64-suse-linux/7/lto-wrapper
OFFLOAD_TARGET_NAMES=hsa:nvptx-none
Target: x86_64-suse-linux
Configured with: ../configure --prefix=/usr --infodir=/usr/share/info --mandir=/usr/share/man --libdir=/usr/lib64 --libexecdir=/usr/lib64 --enable-languages=c,c++,objc,fortran,obj-c++,ada,go --enable-offload-targets=hsa,nvptx-none=/usr/nvptx-none, --without-cuda-driver --enable-checking=release --disable-werror --with-gxx-include-dir=/usr/include/c++/7 --enable-ssp --disable-libssp --disable-libvtv --disable-libcc1 --disable-plugin --with-bugurl=https://bugs.opensuse.org/ --with-pkgversion='SUSE Linux' --with-slibdir=/lib64 --with-system-zlib --enable-libstdcxx-allocator=new --disable-libstdcxx-pch --enable-version-specific-runtime-libs --with-gcc-major-version-only --enable-linker-build-id --enable-linux-futex --enable-gnu-indirect-function --program-suffix=-7 --without-system-libunwind --enable-multilib --with-arch-32=x86-64 --with-tune=generic --build=x86_64-suse-linux --host=x86_64-suse-linux
Thread model: posix
gcc version 7.5.0 (SUSE Linux) 
COMPILER_PATH=/usr/lib64/gcc/x86_64-suse-linux/7/:/usr/lib64/gcc/x86_64-suse-linux/7/:/usr/lib64/gcc/x86_64-suse-linux/:/usr/lib64/gcc/x86_64-suse-linux/7/:/usr/lib64/gcc/x86_64-suse-linux/:/usr/lib64/gcc/x86_64-suse-linux/7/../../../../x86_64-suse-linux/bin/
LIBRARY_PATH=/usr/lib64/gcc/x86_64-suse-linux/7/:/usr/lib64/gcc/x86_64-suse-linux/7/../../../../lib64/:/lib/../lib64/:/usr/lib/../lib64/:/usr/lib64/gcc/x86_64-suse-linux/7/../../../../x86_64-suse-linux/lib/:/usr/lib64/gcc/x86_64-suse-linux/7/../../../:/lib/:/usr/lib/
COLLECT_GCC_OPTIONS='-v' '-rdynamic' '-o' 'cmTC_e122c' '-shared-libgcc' '-mtune=generic' '-march=x86-64'
 /usr/lib64/gcc/x86_64-suse-linux/7/collect2 -plugin /usr/lib64/gcc/x86_64-suse-linux/7/liblto_plugin.so -plugin-opt=/usr/lib64/gcc/x86_64-suse-linux/7/lto-wrapper -plugin-opt=-fresolution=/tmp/ccizSrve.res -plugin-opt=-pass-through=-lgcc_s -plugin-opt=-pass-through=-lgcc -plugin-opt=-pass-through=-lc -plugin-opt=-pass-through=-lgcc_s -plugin-opt=-pass-through=-lgcc --build-id --eh-frame-hdr -m elf_x86_64 -export-dynamic -dynamic-linker /lib64/ld-linux-x86-64.so.2 -o cmTC_e122c /usr/lib64/gcc/x86_64-suse-linux/7/../../../../lib64/crt1.o /usr/lib64/gcc/x86_64-suse-linux/7/../../../../lib64/crti.o /usr/lib64/gcc/x86_64-suse-linux/7/crtbegin.o -L/usr/lib64/gcc/x86_64-suse-linux/7 -L/usr/lib64/gcc/x86_64-suse-linux/7/../../../../lib64 -L/lib/../lib64 -L/usr/lib/../lib64 -L/usr/lib64/gcc/x86_64-suse-linux/7/../../../../x86_64-suse-linux/lib -L/usr/lib64/gcc/x86_64-suse-linux/7/../../.. CMakeFiles/cmTC_e122c.dir/CMakeCXXCompilerABI.cpp.o -lstdc++ -lm -lgcc_s -lgcc -lc -lgcc_s -lgcc /usr/lib64/gcc/x86_64-suse-linux/7/crtend.o /usr/lib64/gcc/x86_64-suse-linux/7/../../../../lib64/crtn.o
COLLECT_GCC_OPTIONS='-v' '-rdynamic' '-o' 'cmTC_e122c' '-shared-libgcc' '-mtune=generic' '-march=x86-64'
gmake[1]: Leaving directory '/home/netpipe/Desktop/pulseviz/CMakeFiles/CMakeTmp'


Parsed CXX implicit link information from above output:
  link line regex: [^( *|.*[/\])(ld|CMAKE_LINK_STARTFILE-NOTFOUND|([^/\]+-)?ld|collect2)[^/\]*( |$)]
  ignore line: [Change Dir: /home/netpipe/Desktop/pulseviz/CMakeFiles/CMakeTmp]
  ignore line: []
  ignore line: [Run Build Command:"/usr/bin/gmake" "cmTC_e122c/fast"]
  ignore line: [/usr/bin/gmake -f CMakeFiles/cmTC_e122c.dir/build.make CMakeFiles/cmTC_e122c.dir/build]
  ignore line: [gmake[1]: Entering directory '/home/netpipe/Desktop/pulseviz/CMakeFiles/CMakeTmp']
  ignore line: [Building CXX object CMakeFiles/cmTC_e122c.dir/CMakeCXXCompilerABI.cpp.o]
  ignore line: [/usr/bin/c++     -o CMakeFiles/cmTC_e122c.dir/CMakeCXXCompilerABI.cpp.o -c /usr/share/cmake/Modules/CMakeCXXCompilerABI.cpp]
  ignore line: [Linking CXX executable cmTC_e122c]
  ignore line: [/usr/bin/cmake -E cmake_link_script CMakeFiles/cmTC_e122c.dir/link.txt --verbose=1]
  ignore line: [/usr/bin/c++      -v -rdynamic CMakeFiles/cmTC_e122c.dir/CMakeCXXCompilerABI.cpp.o  -o cmTC_e122c ]
  ignore line: [Using built-in specs.]
  ignore line: [COLLECT_GCC=/usr/bin/c++]
  ignore line: [COLLECT_LTO_WRAPPER=/usr/lib64/gcc/x86_64-suse-linux/7/lto-wrapper]
  ignore line: [OFFLOAD_TARGET_NAMES=hsa:nvptx-none]
  ignore line: [Target: x86_64-suse-linux]
  ignore line: [Configured with: ../configure --prefix=/usr --infodir=/usr/share/info --mandir=/usr/share/man --libdir=/usr/lib64 --libexecdir=/usr/lib64 --enable-languages=c,c++,objc,fortran,obj-c++,ada,go --enable-offload-targets=hsa,nvptx-none=/usr/nvptx-none, --without-cuda-driver --enable-checking=release --disable-werror --with-gxx-include-dir=/usr/include/c++/7 --enable-ssp --disable-libssp --disable-libvtv --disable-libcc1 --disable-plugin --with-bugurl=https://bugs.opensuse.org/ --with-pkgversion='SUSE Linux' --with-slibdir=/lib64 --with-system-zlib --enable-libstdcxx-allocator=new --disable-libstdcxx-pch --enable-version-specific-runtime-libs --with-gcc-major-version-only --enable-linker-build-id --enable-linux-futex --enable-gnu-indirect-function --program-suffix=-7 --without-system-libunwind --enable-multilib --with-arch-32=x86-64 --with-tune=generic --build=x86_64-suse-linux --host=x86_64-suse-linux]
  ignore line: [Thread model: posix]
  ignore line: [gcc version 7.5.0 (SUSE Linux) ]
  ignore line: [COMPILER_PATH=/usr/lib64/gcc/x86_64-suse-linux/7/:/usr/lib64/gcc/x86_64-suse-linux/7/:/usr/lib64/gcc/x86_64-suse-linux/:/usr/lib64/gcc/x86_64-suse-linux/7/:/usr/lib64/gcc/x86_64-suse-linux/:/usr/lib64/gcc/x86_64-suse-linux/7/../../../../x86_64-suse-linux/bin/]
  ignore line: [LIBRARY_PATH=/usr/lib64/gcc/x86_64-suse-linux/7/:/usr/lib64/gcc/x86_64-suse-linux/7/../../../../lib64/:/lib/../lib64/:/usr/lib/../lib64/:/usr/lib64/gcc/x86_64-suse-linux/7/../../../../x86_64-suse-linux/lib/:/usr/lib64/gcc/x86_64-suse-linux/7/../../../:/lib/:/usr/lib/]
  ignore line: [COLLECT_GCC_OPTIONS='-v' '-rdynamic' '-o' 'cmTC_e122c' '-shared-libgcc' '-mtune=generic' '-march=x86-64']
  link line: [ /usr/lib64/gcc/x86_64-suse-linux/7/collect2 -plugin /usr/lib64/gcc/x86_64-suse-linux/7/liblto_plugin.so -plugin-opt=/usr/lib64/gcc/x86_64-suse-linux/7/lto-wrapper -plugin-opt=-fresolution=/tmp/ccizSrve.res -plugin-opt=-pass-through=-lgcc_s -plugin-opt=-pass-through=-lgcc -plugin-opt=-pass-through=-lc -plugin-opt=-pass-through=-lgcc_s -plugin-opt=-pass-through=-lgcc --build-id --eh-frame-hdr -m elf_x86_64 -export-dynamic -dynamic-linker /lib64/ld-linux-x86-64.so.2 -o cmTC_e122c /usr/lib64/gcc/x86_64-suse-linux/7/../../../../lib64/crt1.o /usr/lib64/gcc/x86_64-suse-linux/7/../../../../lib64/crti.o /usr/lib64/gcc/x86_64-suse-linux/7/crtbegin.o -L/usr/lib64/gcc/x86_64-suse-linux/7 -L/usr/lib64/gcc/x86_64-suse-linux/7/../../../../lib64 -L/lib/../lib64 -L/usr/lib/../lib64 -L/usr/lib64/gcc/x86_64-suse-linux/7/../../../../x86_64-suse-linux/lib -L/usr/lib64/gcc/x86_64-suse-linux/7/../../.. CMakeFiles/cmTC_e122c.dir/CMakeCXXCompilerABI.cpp.o -lstdc++ -lm -lgcc_s -lgcc -lc -lgcc_s -lgcc /usr/lib64/gcc/x86_64-suse-linux/7/crtend.o /usr/lib64/gcc/x86_64-suse-linux/7/../../../../lib64/crtn.o]
    arg [/usr/lib64/gcc/x86_64-suse-linux/7/collect2] ==> ignore
    arg [-plugin] ==> ignore
    arg [/usr/lib64/gcc/x86_64-suse-linux/7/liblto_plugin.so] ==> ignore
    arg [-plugin-opt=/usr/lib64/gcc/x86_64-suse-linux/7/lto-wrapper] ==> ignore
    arg [-plugin-opt=-fresolution=/tmp/ccizSrve.res] ==> ignore
    arg [-plugin-opt=-pass-through=-lgcc_s] ==> ignore
    arg [-plugin-opt=-pass-through=-lgcc] ==> ignore
    arg [-plugin-opt=-pass-through=-lc] ==> ignore
    arg [-plugin-opt=-pass-through=-lgcc_s] ==> ignore
    arg [-plugin-opt=-pass-through=-lgcc] ==> ignore
    arg [--build-id] ==> ignore
    arg [--eh-frame-hdr] ==> ignore
    arg [-m] ==> ignore
    arg [elf_x86_64] ==> ignore
    arg [-export-dynamic] ==> ignore
    arg [-dynamic-linker] ==> ignore
    arg [/lib64/ld-linux-x86-64.so.2] ==> ignore
    arg [-o] ==> ignore
    arg [cmTC_e122c] ==> ignore
    arg [/usr/lib64/gcc/x86_64-suse-linux/7/../../../../lib64/crt1.o] ==> ignore
    arg [/usr/lib64/gcc/x86_64-suse-linux/7/../../../../lib64/crti.o] ==> ignore
    arg [/usr/lib64/gcc/x86_64-suse-linux/7/crtbegin.o] ==> ignore
    arg [-L/usr/lib64/gcc/x86_64-suse-linux/7] ==> dir [/usr/lib64/gcc/x86_64-suse-linux/7]
    arg [-L/usr/lib64/gcc/x86_64-suse-linux/7/../../../../lib64] ==> dir [/usr/lib64/gcc/x86_64-suse-linux/7/../../../../lib64]
    arg [-L/lib/../lib64] ==> dir [/lib/../lib64]
    arg [-L/usr/lib/../lib64] ==> dir [/usr/lib/../lib64]
    arg [-L/usr/lib64/gcc/x86_64-suse-linux/7/../../../../x86_64-suse-linux/lib] ==> dir [/usr/lib64/gcc/x86_64-suse-linux/7/../../../../x86_64-suse-linux/lib]
    arg [-L/usr/lib64/gcc/x86_64-suse-linux/7/../../..] ==> dir [/usr/lib64/gcc/x86_64-suse-linux/7/../../..]
    arg [CMakeFiles/cmTC_e122c.dir/CMakeCXXCompilerABI.cpp.o] ==> ignore
    arg [-lstdc++] ==> lib [stdc++]
    arg [-lm] ==> lib [m]
    arg [-lgcc_s] ==> lib [gcc_s]
    arg [-lgcc] ==> lib [gcc]
    arg [-lc] ==> lib [c]
    arg [-lgcc_s] ==> lib [gcc_s]
    arg [-lgcc] ==> lib [gcc]
    arg [/usr/lib64/gcc/x86_64-suse-linux/7/crtend.o] ==> ignore
    arg [/usr/lib64/gcc/x86_64-suse-linux/7/../../../../lib64/crtn.o] ==> ignore
  collapse library dir [/usr/lib64/gcc/x86_64-suse-linux/7] ==> [/usr/lib64/gcc/x86_64-suse-linux/7]
  collapse library dir [/usr/lib64/gcc/x86_64-suse-linux/7/../../../../lib64] ==> [/usr/lib64]
  collapse library dir [/lib/../lib64] ==> [/lib64]
  collapse library dir [/usr/lib/../lib64] ==> [/usr/lib64]
  collapse library dir [/usr/lib64/gcc/x86_64-suse-linux/7/../../../../x86_64-suse-linux/lib] ==> [/usr/x86_64-suse-linux/lib]
  collapse library dir [/usr/lib64/gcc/x86_64-suse-linux/7/../../..] ==> [/usr/lib64]
  implicit libs: [stdc++;m;gcc_s;gcc;c;gcc_s;gcc]
  implicit dirs: [/usr/lib64/gcc/x86_64-suse-linux/7;/usr/lib64;/lib64;/usr/x86_64-suse-linux/lib]
  implicit fwks: []




Detecting CXX [-std=c++1z] compiler features compiled with the following output:
Change Dir: /home/netpipe/Desktop/pulseviz/CMakeFiles/CMakeTmp

Run Build Command:"/usr/bin/gmake" "cmTC_1f406/fast"
/usr/bin/gmake -f CMakeFiles/cmTC_1f406.dir/build.make CMakeFiles/cmTC_1f406.dir/build
gmake[1]: Entering directory '/home/netpipe/Desktop/pulseviz/CMakeFiles/CMakeTmp'
Building CXX object CMakeFiles/cmTC_1f406.dir/feature_tests.cxx.o
/usr/bin/c++    -std=c++1z -o CMakeFiles/cmTC_1f406.dir/feature_tests.cxx.o -c /home/netpipe/Desktop/pulseviz/CMakeFiles/feature_tests.cxx
Linking CXX executable cmTC_1f406
/usr/bin/cmake -E cmake_link_script CMakeFiles/cmTC_1f406.dir/link.txt --verbose=1
/usr/bin/c++       -rdynamic CMakeFiles/cmTC_1f406.dir/feature_tests.cxx.o  -o cmTC_1f406 
gmake[1]: Leaving directory '/home/netpipe/Desktop/pulseviz/CMakeFiles/CMakeTmp'


    Feature record: CXX_FEATURE:1cxx_aggregate_default_initializers
    Feature record: CXX_FEATURE:1cxx_alias_templates
    Feature record: CXX_FEATURE:1cxx_alignas
    Feature record: CXX_FEATURE:1cxx_alignof
    Feature record: CXX_FEATURE:1cxx_attributes
    Feature record: CXX_FEATURE:1cxx_attribute_deprecated
    Feature record: CXX_FEATURE:1cxx_auto_type
    Feature record: CXX_FEATURE:1cxx_binary_literals
    Feature record: CXX_FEATURE:1cxx_constexpr
    Feature record: CXX_FEATURE:1cxx_contextual_conversions
    Feature record: CXX_FEATURE:1cxx_decltype
    Feature record: CXX_FEATURE:1cxx_decltype_auto
    Feature record: CXX_FEATURE:1cxx_decltype_incomplete_return_types
    Feature record: CXX_FEATURE:1cxx_default_function_template_args
    Feature record: CXX_FEATURE:1cxx_defaulted_functions
    Feature record: CXX_FEATURE:1cxx_defaulted_move_initializers
    Feature record: CXX_FEATURE:1cxx_delegating_constructors
    Feature record: CXX_FEATURE:1cxx_deleted_functions
    Feature record: CXX_FEATURE:1cxx_digit_separators
    Feature record: CXX_FEATURE:1cxx_enum_forward_declarations
    Feature record: CXX_FEATURE:1cxx_explicit_conversions
    Feature record: CXX_FEATURE:1cxx_extended_friend_declarations
    Feature record: CXX_FEATURE:1cxx_extern_templates
    Feature record: CXX_FEATURE:1cxx_final
    Feature record: CXX_FEATURE:1cxx_func_identifier
    Feature record: CXX_FEATURE:1cxx_generalized_initializers
    Feature record: CXX_FEATURE:1cxx_generic_lambdas
    Feature record: CXX_FEATURE:1cxx_inheriting_constructors
    Feature record: CXX_FEATURE:1cxx_inline_namespaces
    Feature record: CXX_FEATURE:1cxx_lambdas
    Feature record: CXX_FEATURE:1cxx_lambda_init_captures
    Feature record: CXX_FEATURE:1cxx_local_type_template_args
    Feature record: CXX_FEATURE:1cxx_long_long_type
    Feature record: CXX_FEATURE:1cxx_noexcept
    Feature record: CXX_FEATURE:1cxx_nonstatic_member_init
    Feature record: CXX_FEATURE:1cxx_nullptr
    Feature record: CXX_FEATURE:1cxx_override
    Feature record: CXX_FEATURE:1cxx_range_for
    Feature record: CXX_FEATURE:1cxx_raw_string_literals
    Feature record: CXX_FEATURE:1cxx_reference_qualified_functions
    Feature record: CXX_FEATURE:1cxx_relaxed_constexpr
    Feature record: CXX_FEATURE:1cxx_return_type_deduction
    Feature record: CXX_FEATURE:1cxx_right_angle_brackets
    Feature record: CXX_FEATURE:1cxx_rvalue_references
    Feature record: CXX_FEATURE:1cxx_sizeof_member
    Feature record: CXX_FEATURE:1cxx_static_assert
    Feature record: CXX_FEATURE:1cxx_strong_enums
    Feature record: CXX_FEATURE:1cxx_template_template_parameters
    Feature record: CXX_FEATURE:1cxx_thread_local
    Feature record: CXX_FEATURE:1cxx_trailing_return_types
    Feature record: CXX_FEATURE:1cxx_unicode_literals
    Feature record: CXX_FEATURE:1cxx_uniform_initialization
    Feature record: CXX_FEATURE:1cxx_unrestricted_unions
    Feature record: CXX_FEATURE:1cxx_user_literals
    Feature record: CXX_FEATURE:1cxx_variable_templates
    Feature record: CXX_FEATURE:1cxx_variadic_macros
    Feature record: CXX_FEATURE:1cxx_variadic_templates


Detecting CXX [-std=c++14] compiler features compiled with the following output:
Change Dir: /home/netpipe/Desktop/pulseviz/CMakeFiles/CMakeTmp

Run Build Command:"/usr/bin/gmake" "cmTC_4810f/fast"
/usr/bin/gmake -f CMakeFiles/cmTC_4810f.dir/build.make CMakeFiles/cmTC_4810f.dir/build
gmake[1]: Entering directory '/home/netpipe/Desktop/pulseviz/CMakeFiles/CMakeTmp'
Building CXX object CMakeFiles/cmTC_4810f.dir/feature_tests.cxx.o
/usr/bin/c++    -std=c++14 -o CMakeFiles/cmTC_4810f.dir/feature_tests.cxx.o -c /home/netpipe/Desktop/pulseviz/CMakeFiles/feature_tests.cxx
Linking CXX executable cmTC_4810f
/usr/bin/cmake -E cmake_link_script CMakeFiles/cmTC_4810f.dir/link.txt --verbose=1
/usr/bin/c++       -rdynamic CMakeFiles/cmTC_4810f.dir/feature_tests.cxx.o  -o cmTC_4810f 
gmake[1]: Leaving directory '/home/netpipe/Desktop/pulseviz/CMakeFiles/CMakeTmp'


    Feature record: CXX_FEATURE:1cxx_aggregate_default_initializers
    Feature record: CXX_FEATURE:1cxx_alias_templates
    Feature record: CXX_FEATURE:1cxx_alignas
    Feature record: CXX_FEATURE:1cxx_alignof
    Feature record: CXX_FEATURE:1cxx_attributes
    Feature record: CXX_FEATURE:1cxx_attribute_deprecated
    Feature record: CXX_FEATURE:1cxx_auto_type
    Feature record: CXX_FEATURE:1cxx_binary_literals
    Feature record: CXX_FEATURE:1cxx_constexpr
    Feature record: CXX_FEATURE:1cxx_contextual_conversions
    Feature record: CXX_FEATURE:1cxx_decltype
    Feature record: CXX_FEATURE:1cxx_decltype_auto
    Feature record: CXX_FEATURE:1cxx_decltype_incomplete_return_types
    Feature record: CXX_FEATURE:1cxx_default_function_template_args
    Feature record: CXX_FEATURE:1cxx_defaulted_functions
    Feature record: CXX_FEATURE:1cxx_defaulted_move_initializers
    Feature record: CXX_FEATURE:1cxx_delegating_constructors
    Feature record: CXX_FEATURE:1cxx_deleted_functions
    Feature record: CXX_FEATURE:1cxx_digit_separators
    Feature record: CXX_FEATURE:1cxx_enum_forward_declarations
    Feature record: CXX_FEATURE:1cxx_explicit_conversions
    Feature record: CXX_FEATURE:1cxx_extended_friend_declarations
    Feature record: CXX_FEATURE:1cxx_extern_templates
    Feature record: CXX_FEATURE:1cxx_final
    Feature record: CXX_FEATURE:1cxx_func_identifier
    Feature record: CXX_FEATURE:1cxx_generalized_initializers
    Feature record: CXX_FEATURE:1cxx_generic_lambdas
    Feature record: CXX_FEATURE:1cxx_inheriting_constructors
    Feature record: CXX_FEATURE:1cxx_inline_namespaces
    Feature record: CXX_FEATURE:1cxx_lambdas
    Feature record: CXX_FEATURE:1cxx_lambda_init_captures
    Feature record: CXX_FEATURE:1cxx_local_type_template_args
    Feature record: CXX_FEATURE:1cxx_long_long_type
    Feature record: CXX_FEATURE:1cxx_noexcept
    Feature record: CXX_FEATURE:1cxx_nonstatic_member_init
    Feature record: CXX_FEATURE:1cxx_nullptr
    Feature record: CXX_FEATURE:1cxx_override
    Feature record: CXX_FEATURE:1cxx_range_for
    Feature record: CXX_FEATURE:1cxx_raw_string_literals
    Feature record: CXX_FEATURE:1cxx_reference_qualified_functions
    Feature record: CXX_FEATURE:1cxx_relaxed_constexpr
    Feature record: CXX_FEATURE:1cxx_return_type_deduction
    Feature record: CXX_FEATURE:1cxx_right_angle_brackets
    Feature record: CXX_FEATURE:1cxx_rvalue_references
    Feature record: CXX_FEATURE:1cxx_sizeof_member
    Feature record: CXX_FEATURE:1cxx_static_assert
    Feature record: CXX_FEATURE:1cxx_strong_enums
    Feature record: CXX_FEATURE:1cxx_template_template_parameters
    Feature record: CXX_FEATURE:1cxx_thread_local
    Feature record: CXX_FEATURE:1cxx_trailing_return_types
    Feature record: CXX_FEATURE:1cxx_unicode_literals
    Feature record: CXX_FEATURE:1cxx_uniform_initialization
    Feature record: CXX_FEATURE:1cxx_unrestricted_unions
    Feature record: CXX_FEATURE:1cxx_user_literals
    Feature record: CXX_FEATURE:1cxx_variable_templates
    Feature record: CXX_FEATURE:1cxx_variadic_macros
    Feature record: CXX_FEATURE:1cxx_variadic_templates


Detecting CXX [-std=c++11] compiler features compiled with the following output:
Change Dir: /home/netpipe/Desktop/pulseviz/CMakeFiles/CMakeTmp

Run Build Command:"/usr/bin/gmake" "cmTC_947ea/fast"
/usr/bin/gmake -f CMakeFiles/cmTC_947ea.dir/build.make CMakeFiles/cmTC_947ea.dir/build
gmake[1]: Entering directory '/home/netpipe/Desktop/pulseviz/CMakeFiles/CMakeTmp'
Building CXX object CMakeFiles/cmTC_947ea.dir/feature_tests.cxx.o
/usr/bin/c++    -std=c++11 -o CMakeFiles/cmTC_947ea.dir/feature_tests.cxx.o -c /home/netpipe/Desktop/pulseviz/CMakeFiles/feature_tests.cxx
Linking CXX executable cmTC_947ea
/usr/bin/cmake -E cmake_link_script CMakeFiles/cmTC_947ea.dir/link.txt --verbose=1
/usr/bin/c++       -rdynamic CMakeFiles/cmTC_947ea.dir/feature_tests.cxx.o  -o cmTC_947ea 
gmake[1]: Leaving directory '/home/netpipe/Desktop/pulseviz/CMakeFiles/CMakeTmp'


    Feature record: CXX_FEATURE:0cxx_aggregate_default_initializers
    Feature record: CXX_FEATURE:1cxx_alias_templates
    Feature record: CXX_FEATURE:1cxx_alignas
    Feature record: CXX_FEATURE:1cxx_alignof
    Feature record: CXX_FEATURE:1cxx_attributes
    Feature record: CXX_FEATURE:0cxx_attribute_deprecated
    Feature record: CXX_FEATURE:1cxx_auto_type
    Feature record: CXX_FEATURE:0cxx_binary_literals
    Feature record: CXX_FEATURE:1cxx_constexpr
    Feature record: CXX_FEATURE:0cxx_contextual_conversions
    Feature record: CXX_FEATURE:1cxx_decltype
    Feature record: CXX_FEATURE:0cxx_decltype_auto
    Feature record: CXX_FEATURE:1cxx_decltype_incomplete_return_types
    Feature record: CXX_FEATURE:1cxx_default_function_template_args
    Feature record: CXX_FEATURE:1cxx_defaulted_functions
    Feature record: CXX_FEATURE:1cxx_defaulted_move_initializers
    Feature record: CXX_FEATURE:1cxx_delegating_constructors
    Feature record: CXX_FEATURE:1cxx_deleted_functions
    Feature record: CXX_FEATURE:0cxx_digit_separators
    Feature record: CXX_FEATURE:1cxx_enum_forward_declarations
    Feature record: CXX_FEATURE:1cxx_explicit_conversions
    Feature record: CXX_FEATURE:1cxx_extended_friend_declarations
    Feature record: CXX_FEATURE:1cxx_extern_templates
    Feature record: CXX_FEATURE:1cxx_final
    Feature record: CXX_FEATURE:1cxx_func_identifier
    Feature record: CXX_FEATURE:1cxx_generalized_initializers
    Feature record: CXX_FEATURE:0cxx_generic_lambdas
    Feature record: CXX_FEATURE:1cxx_inheriting_constructors
    Feature record: CXX_FEATURE:1cxx_inline_namespaces
    Feature record: CXX_FEATURE:1cxx_lambdas
    Feature record: CXX_FEATURE:0cxx_lambda_init_captures
    Feature record: CXX_FEATURE:1cxx_local_type_template_args
    Feature record: CXX_FEATURE:1cxx_long_long_type
    Feature record: CXX_FEATURE:1cxx_noexcept
    Feature record: CXX_FEATURE:1cxx_nonstatic_member_init
    Feature record: CXX_FEATURE:1cxx_nullptr
    Feature record: CXX_FEATURE:1cxx_override
    Feature record: CXX_FEATURE:1cxx_range_for
    Feature record: CXX_FEATURE:1cxx_raw_string_literals
    Feature record: CXX_FEATURE:1cxx_reference_qualified_functions
    Feature record: CXX_FEATURE:0cxx_relaxed_constexpr
    Feature record: CXX_FEATURE:0cxx_return_type_deduction
    Feature record: CXX_FEATURE:1cxx_right_angle_brackets
    Feature record: CXX_FEATURE:1cxx_rvalue_references
    Feature record: CXX_FEATURE:1cxx_sizeof_member
    Feature record: CXX_FEATURE:1cxx_static_assert
    Feature record: CXX_FEATURE:1cxx_strong_enums
    Feature record: CXX_FEATURE:1cxx_template_template_parameters
    Feature record: CXX_FEATURE:1cxx_thread_local
    Feature record: CXX_FEATURE:1cxx_trailing_return_types
    Feature record: CXX_FEATURE:1cxx_unicode_literals
    Feature record: CXX_FEATURE:1cxx_uniform_initialization
    Feature record: CXX_FEATURE:1cxx_unrestricted_unions
    Feature record: CXX_FEATURE:1cxx_user_literals
    Feature record: CXX_FEATURE:0cxx_variable_templates
    Feature record: CXX_FEATURE:1cxx_variadic_macros
    Feature record: CXX_FEATURE:1cxx_variadic_templates


Detecting CXX [-std=c++98] compiler features compiled with the following output:
Change Dir: /home/netpipe/Desktop/pulseviz/CMakeFiles/CMakeTmp

Run Build Command:"/usr/bin/gmake" "cmTC_a13b1/fast"
/usr/bin/gmake -f CMakeFiles/cmTC_a13b1.dir/build.make CMakeFiles/cmTC_a13b1.dir/build
gmake[1]: Entering directory '/home/netpipe/Desktop/pulseviz/CMakeFiles/CMakeTmp'
Building CXX object CMakeFiles/cmTC_a13b1.dir/feature_tests.cxx.o
/usr/bin/c++    -std=c++98 -o CMakeFiles/cmTC_a13b1.dir/feature_tests.cxx.o -c /home/netpipe/Desktop/pulseviz/CMakeFiles/feature_tests.cxx
Linking CXX executable cmTC_a13b1
/usr/bin/cmake -E cmake_link_script CMakeFiles/cmTC_a13b1.dir/link.txt --verbose=1
/usr/bin/c++       -rdynamic CMakeFiles/cmTC_a13b1.dir/feature_tests.cxx.o  -o cmTC_a13b1 
gmake[1]: Leaving directory '/home/netpipe/Desktop/pulseviz/CMakeFiles/CMakeTmp'


    Feature record: CXX_FEATURE:0cxx_aggregate_default_initializers
    Feature record: CXX_FEATURE:0cxx_alias_templates
    Feature record: CXX_FEATURE:0cxx_alignas
    Feature record: CXX_FEATURE:0cxx_alignof
    Feature record: CXX_FEATURE:0cxx_attributes
    Feature record: CXX_FEATURE:0cxx_attribute_deprecated
    Feature record: CXX_FEATURE:0cxx_auto_type
    Feature record: CXX_FEATURE:0cxx_binary_literals
    Feature record: CXX_FEATURE:0cxx_constexpr
    Feature record: CXX_FEATURE:0cxx_contextual_conversions
    Feature record: CXX_FEATURE:0cxx_decltype
    Feature record: CXX_FEATURE:0cxx_decltype_auto
    Feature record: CXX_FEATURE:0cxx_decltype_incomplete_return_types
    Feature record: CXX_FEATURE:0cxx_default_function_template_args
    Feature record: CXX_FEATURE:0cxx_defaulted_functions
    Feature record: CXX_FEATURE:0cxx_defaulted_move_initializers
    Feature record: CXX_FEATURE:0cxx_delegating_constructors
    Feature record: CXX_FEATURE:0cxx_deleted_functions
    Feature record: CXX_FEATURE:0cxx_digit_separators
    Feature record: CXX_FEATURE:0cxx_enum_forward_declarations
    Feature record: CXX_FEATURE:0cxx_explicit_conversions
    Feature record: CXX_FEATURE:0cxx_extended_friend_declarations
    Feature record: CXX_FEATURE:0cxx_extern_templates
    Feature record: CXX_FEATURE:0cxx_final
    Feature record: CXX_FEATURE:0cxx_func_identifier
    Feature record: CXX_FEATURE:0cxx_generalized_initializers
    Feature record: CXX_FEATURE:0cxx_generic_lambdas
    Feature record: CXX_FEATURE:0cxx_inheriting_constructors
    Feature record: CXX_FEATURE:0cxx_inline_namespaces
    Feature record: CXX_FEATURE:0cxx_lambdas
    Feature record: CXX_FEATURE:0cxx_lambda_init_captures
    Feature record: CXX_FEATURE:0cxx_local_type_template_args
    Feature record: CXX_FEATURE:0cxx_long_long_type
    Feature record: CXX_FEATURE:0cxx_noexcept
    Feature record: CXX_FEATURE:0cxx_nonstatic_member_init
    Feature record: CXX_FEATURE:0cxx_nullptr
    Feature record: CXX_FEATURE:0cxx_override
    Feature record: CXX_FEATURE:0cxx_range_for
    Feature record: CXX_FEATURE:0cxx_raw_string_literals
    Feature record: CXX_FEATURE:0cxx_reference_qualified_functions
    Feature record: CXX_FEATURE:0cxx_relaxed_constexpr
    Feature record: CXX_FEATURE:0cxx_return_type_deduction
    Feature record: CXX_FEATURE:0cxx_right_angle_brackets
    Feature record: CXX_FEATURE:0cxx_rvalue_references
    Feature record: CXX_FEATURE:0cxx_sizeof_member
    Feature record: CXX_FEATURE:0cxx_static_assert
    Feature record: CXX_FEATURE:0cxx_strong_enums
    Feature record: CXX_FEATURE:1cxx_template_template_parameters
    Feature record: CXX_FEATURE:0cxx_thread_local
    Feature record: CXX_FEATURE:0cxx_trailing_return_types
    Feature record: CXX_FEATURE:0cxx_unicode_literals
    Feature record: CXX_FEATURE:0cxx_uniform_initialization
    Feature record: CXX_FEATURE:0cxx_unrestricted_unions
    Feature record: CXX_FEATURE:0cxx_user_literals
    Feature record: CXX_FEATURE:0cxx_variable_templates
    Feature record: CXX_FEATURE:0cxx_variadic_macros
    Feature record: CXX_FEATURE:0cxx_variadic_templates
Determining if the include file pthread.h exists passed with the following output:
Change Dir: /home/netpipe/Desktop/pulseviz/CMakeFiles/CMakeTmp

Run Build Command:"/usr/bin/gmake" "cmTC_974d4/fast"
/usr/bin/gmake -f CMakeFiles/cmTC_974d4.dir/build.make CMakeFiles/cmTC_974d4.dir/build
gmake[1]: Entering directory '/home/netpipe/Desktop/pulseviz/CMakeFiles/CMakeTmp'
Building C object CMakeFiles/cmTC_974d4.dir/CheckIncludeFile.c.o
/usr/bin/cc    -o CMakeFiles/cmTC_974d4.dir/CheckIncludeFile.c.o   -c /home/netpipe/Desktop/pulseviz/CMakeFiles/CMakeTmp/CheckIncludeFile.c
Linking C executable cmTC_974d4
/usr/bin/cmake -E cmake_link_script CMakeFiles/cmTC_974d4.dir/link.txt --verbose=1
/usr/bin/cc      CMakeFiles/cmTC_974d4.dir/CheckIncludeFile.c.o  -o cmTC_974d4 
gmake[1]: Leaving directory '/home/netpipe/Desktop/pulseviz/CMakeFiles/CMakeTmp'


Determining if the function pthread_create exists in the pthread passed with the following output:
Change Dir: /home/netpipe/Desktop/pulseviz/CMakeFiles/CMakeTmp

Run Build Command:"/usr/bin/gmake" "cmTC_a6cd3/fast"
/usr/bin/gmake -f CMakeFiles/cmTC_a6cd3.dir/build.make CMakeFiles/cmTC_a6cd3.dir/build
gmake[1]: Entering directory '/home/netpipe/Desktop/pulseviz/CMakeFiles/CMakeTmp'
Building C object CMakeFiles/cmTC_a6cd3.dir/CheckFunctionExists.c.o
/usr/bin/cc   -DCHECK_FUNCTION_EXISTS=pthread_create   -o CMakeFiles/cmTC_a6cd3.dir/CheckFunctionExists.c.o   -c /usr/share/cmake/Modules/CheckFunctionExists.c
Linking C executable cmTC_a6cd3
/usr/bin/cmake -E cmake_link_script CMakeFiles/cmTC_a6cd3.dir/link.txt --verbose=1
/usr/bin/cc  -DCHECK_FUNCTION_EXISTS=pthread_create    CMakeFiles/cmTC_a6cd3.dir/CheckFunctionExists.c.o  -o cmTC_a6cd3 -lpthread 
gmake[1]: Leaving directory '/home/netpipe/Desktop/pulseviz/CMakeFiles/CMakeTmp'


The system is: Linux - 4.12.14-lp151.28.36-default - x86_64
Compiling the C compiler identification source file "CMakeCCompilerId.c" succeeded.
Compiler: /usr/bin/cc 
Build flags: 
Id flags:  

The output was:
0


Compilation of the C compiler identification source "CMakeCCompilerId.c" produced "a.out"

The C compiler identification is GNU, found in "/home/netpipe/desktops/5/freq2/pulseviz/CMakeFiles/3.10.2/CompilerIdC/a.out"

Compiling the CXX compiler identification source file "CMakeCXXCompilerId.cpp" succeeded.
Compiler: /usr/bin/c++ 
Build flags: 
Id flags:  

The output was:
0


Compilation of the CXX compiler identification source "CMakeCXXCompilerId.cpp" produced "a.out"

The CXX compiler identification is GNU, found in "/home/netpipe/desktops/5/freq2/pulseviz/CMakeFiles/3.10.2/CompilerIdCXX/a.out"

Determining if the C compiler works passed with the following output:
Change Dir: /home/netpipe/desktops/5/freq2/pulseviz/CMakeFiles/CMakeTmp

Run Build Command:"/usr/bin/gmake" "cmTC_426db/fast"
/usr/bin/gmake -f CMakeFiles/cmTC_426db.dir/build.make CMakeFiles/cmTC_426db.dir/build
gmake[1]: Entering directory '/home/netpipe/desktops/5/freq2/pulseviz/CMakeFiles/CMakeTmp'
Building C object CMakeFiles/cmTC_426db.dir/testCCompiler.c.o
/usr/bin/cc    -o CMakeFiles/cmTC_426db.dir/testCCompiler.c.o   -c /home/netpipe/desktops/5/freq2/pulseviz/CMakeFiles/CMakeTmp/testCCompiler.c
Linking C executable cmTC_426db
/usr/bin/cmake -E cmake_link_script CMakeFiles/cmTC_426db.dir/link.txt --verbose=1
/usr/bin/cc      -rdynamic CMakeFiles/cmTC_426db.dir/testCCompiler.c.o  -o cmTC_426db 
gmake[1]: Leaving directory '/home/netpipe/desktops/5/freq2/pulseviz/CMakeFiles/CMakeTmp'


Detecting C compiler ABI info compiled with the following output:
Change Dir: /home/netpipe/desktops/5/freq2/pulseviz/CMakeFiles/CMakeTmp

Run Build Command:"/usr/bin/gmake" "cmTC_df5b3/fast"
/usr/bin/gmake -f CMakeFiles/cmTC_df5b3.dir/build.make CMakeFiles/cmTC_df5b3.dir/build
gmake[1]: Entering directory '/home/netpipe/desktops/5/freq2/pulseviz/CMakeFiles/CMakeTmp'
Building C object CMakeFiles/cmTC_df5b3.dir/CMakeCCompilerABI.c.o
/usr/bin/cc    -o CMakeFiles/cmTC_df5b3.dir/CMakeCCompilerABI.c.o   -c /usr/share/cmake/Modules/CMakeCCompilerABI.c
Linking C executable cmTC_df5b3
/usr/bin/cmake -E cmake_link_script CMakeFiles/cmTC_df5b3.dir/link.txt --verbose=1
/usr/bin/cc     -v -rdynamic CMakeFiles/cmTC_df5b3.dir/CMakeCCompilerABI.c.o  -o cmTC_df5b3 
Using built-in specs.
COLLECT_GCC=/usr/bin/cc
COLLECT_LTO_WRAPPER=/usr/lib64/gcc/x86_64-suse-linux/7/lto-wrapper
OFFLOAD_TARGET_NAMES=hsa:nvptx-none
Target: x86_64-suse-linux
Configured with: ../configure --prefix=/usr --infodir=/usr/share/info --mandir=/usr/share/man --libdir=/usr/lib64 --libexecdir=/usr/lib64 --enable-languages=c,c++,objc,fortran,obj-c++,ada,go --enable-offload-targets=hsa,nvptx-none=/usr/nvptx-none, --without-cuda-driver --enable-checking=release --disable-werror --with-gxx-include-dir=/usr/include/c++/7 --enable-ssp --disable-libssp --disable-libvtv --disable-libcc1 --disable-plugin --with-bugurl=https://bugs.opensuse.org/ --with-pkgversion='SUSE Linux' --with-slibdir=/lib64 --with-system-zlib --enable-libstdcxx-allocator=new --disable-libstdcxx-pch --enable-version-specific-runtime-libs --with-gcc-major-version-only --enable-linker-build-id --enable-linux-futex --enable-gnu-indirect-function --program-suffix=-7 --without-system-libunwind --enable-multilib --with-arch-32=x86-64 --with-tune=generic --build=x86_64-suse-linux --host=x86_64-suse-linux
Thread model: posix
gcc version 7.5.0 (SUSE Linux) 
COMPILER_PATH=/usr/lib64/gcc/x86_64-suse-linux/7/:/usr/lib64/gcc/x86_64-suse-linux/7/:/usr/lib64/gcc/x86_64-suse-linux/:/usr/lib64/gcc/x86_64-suse-linux/7/:/usr/lib64/gcc/x86_64-suse-linux/:/usr/lib64/gcc/x86_64-suse-linux/7/../../../../x86_64-suse-linux/bin/
LIBRARY_PATH=/usr/lib64/gcc/x86_64-suse-linux/7/:/usr/lib64/gcc/x86_64-suse-linux/7/../../../../lib64/:/lib/../lib64/:/usr/lib/../lib64/:/usr/lib64/gcc/x86_64-suse-linux/7/../../../../x86_64-suse-linux/lib/:/usr/lib64/gcc/x86_64-suse-linux/7/../../../:/lib/:/usr/lib/
COLLECT_GCC_OPTIONS='-v' '-rdynamic' '-o' 'cmTC_df5b3' '-mtune=generic' '-march=x86-64'
 /usr/lib64/gcc/x86_64-suse-linux/7/collect2 -plugin /usr/lib64/gcc/x86_64-suse-linux/7/liblto_plugin.so -plugin-opt=/usr/lib64/gcc/x86_64-suse-linux/7/lto-wrapper -plugin-opt=-fresolution=/tmp/ccfjXwQt.res -plugin-opt=-pass-through=-lgcc -plugin-opt=-pass-through=-lgcc_s -plugin-opt=-pass-through=-lc -plugin-opt=-pass-through=-lgcc -plugin-opt=-pass-through=-lgcc_s --build-id --eh-frame-hdr -m elf_x86_64 -export-dynamic -dynamic-linker /lib64/ld-linux-x86-64.so.2 -o cmTC_df5b3 /usr/lib64/gcc/x86_64-suse-linux/7/../../../../lib64/crt1.o /usr/lib64/gcc/x86_64-suse-linux/7/../../../../lib64/crti.o /usr/lib64/gcc/x86_64-suse-linux/7/crtbegin.o -L/usr/lib64/gcc/x86_64-suse-linux/7 -L/usr/lib64/gcc/x86_64-suse-linux/7/../../../../lib64 -L/lib/../lib64 -L/usr/lib/../lib64 -L/usr/lib64/gcc/x86_64-suse-linux/7/../../../../x86_64-suse-linux/lib -L/usr/lib64/gcc/x86_64-suse-linux/7/../../.. CMakeFiles/cmTC_df5b3.dir/CMakeCCompilerABI.c.o -lgcc --as-needed -lgcc_s --no-as-needed -lc -lgcc --as-needed -lgcc_s --no-as-needed /usr/lib64/gcc/x86_64-suse-linux/7/crtend.o /usr/lib64/gcc/x86_64-suse-linux/7/../../../../lib64/crtn.o
COLLECT_GCC_OPTIONS='-v' '-rdynamic' '-o' 'cmTC_df5b3' '-mtune=generic' '-march=x86-64'
gmake[1]: Leaving directory '/home/netpipe/desktops/5/freq2/pulseviz/CMakeFiles/CMakeTmp'


Parsed C implicit link information from above output:
  link line regex: [^( *|.*[/\])(ld|CMAKE_LINK_STARTFILE-NOTFOUND|([^/\]+-)?ld|collect2)[^/\]*( |$)]
  ignore line: [Change Dir: /home/netpipe/desktops/5/freq2/pulseviz/CMakeFiles/CMakeTmp]
  ignore line: []
  ignore line: [Run Build Command:"/usr/bin/gmake" "cmTC_df5b3/fast"]
  ignore line: [/usr/bin/gmake -f CMakeFiles/cmTC_df5b3.dir/build.make CMakeFiles/cmTC_df5b3.dir/build]
  ignore line: [gmake[1]: Entering directory '/home/netpipe/desktops/5/freq2/pulseviz/CMakeFiles/CMakeTmp']
  ignore line: [Building C object CMakeFiles/cmTC_df5b3.dir/CMakeCCompilerABI.c.o]
  ignore line: [/usr/bin/cc    -o CMakeFiles/cmTC_df5b3.dir/CMakeCCompilerABI.c.o   -c /usr/share/cmake/Modules/CMakeCCompilerABI.c]
  ignore line: [Linking C executable cmTC_df5b3]
  ignore line: [/usr/bin/cmake -E cmake_link_script CMakeFiles/cmTC_df5b3.dir/link.txt --verbose=1]
  ignore line: [/usr/bin/cc     -v -rdynamic CMakeFiles/cmTC_df5b3.dir/CMakeCCompilerABI.c.o  -o cmTC_df5b3 ]
  ignore line: [Using built-in specs.]
  ignore line: [COLLECT_GCC=/usr/bin/cc]
  ignore line: [COLLECT_LTO_WRAPPER=/usr/lib64/gcc/x86_64-suse-linux/7/lto-wrapper]
  ignore line: [OFFLOAD_TARGET_NAMES=hsa:nvptx-none]
  ignore line: [Target: x86_64-suse-linux]
  ignore line: [Configured with: ../configure --prefix=/usr --infodir=/usr/share/info --mandir=/usr/share/man --libdir=/usr/lib64 --libexecdir=/usr/lib64 --enable-languages=c,c++,objc,fortran,obj-c++,ada,go --enable-offload-targets=hsa,nvptx-none=/usr/nvptx-none, --without-cuda-driver --enable-checking=release --disable-werror --with-gxx-include-dir=/usr/include/c++/7 --enable-ssp --disable-libssp --disable-libvtv --disable-libcc1 --disable-plugin --with-bugurl=https://bugs.opensuse.org/ --with-pkgversion='SUSE Linux' --with-slibdir=/lib64 --with-system-zlib --enable-libstdcxx-allocator=new --disable-libstdcxx-pch --enable-version-specific-runtime-libs --with-gcc-major-version-only --enable-linker-build-id --enable-linux-futex --enable-gnu-indirect-function --program-suffix=-7 --without-system-libunwind --enable-multilib --with-arch-32=x86-64 --with-tune=generic --build=x86_64-suse-linux --host=x86_64-suse-linux]
  ignore line: [Thread model: posix]
  ignore line: [gcc version 7.5.0 (SUSE Linux) ]
  ignore line: [COMPILER_PATH=/usr/lib64/gcc/x86_64-suse-linux/7/:/usr/lib64/gcc/x86_64-suse-linux/7/:/usr/lib64/gcc/x86_64-suse-linux/:/usr/lib64/gcc/x86_64-suse-linux/7/:/usr/lib64/gcc/x86_64-suse-linux/:/usr/lib64/gcc/x86_64-suse-linux/7/../../../../x86_64-suse-linux/bin/]
  ignore line: [LIBRARY_PATH=/usr/lib64/gcc/x86_64-suse-linux/7/:/usr/lib64/gcc/x86_64-suse-linux/7/../../../../lib64/:/lib/../lib64/:/usr/lib/../lib64/:/usr/lib64/gcc/x86_64-suse-linux/7/../../../../x86_64-suse-linux/lib/:/usr/lib64/gcc/x86_64-suse-linux/7/../../../:/lib/:/usr/lib/]
  ignore line: [COLLECT_GCC_OPTIONS='-v' '-rdynamic' '-o' 'cmTC_df5b3' '-mtune=generic' '-march=x86-64']
  link line: [ /usr/lib64/gcc/x86_64-suse-linux/7/collect2 -plugin /usr/lib64/gcc/x86_64-suse-linux/7/liblto_plugin.so -plugin-opt=/usr/lib64/gcc/x86_64-suse-linux/7/lto-wrapper -plugin-opt=-fresolution=/tmp/ccfjXwQt.res -plugin-opt=-pass-through=-lgcc -plugin-opt=-pass-through=-lgcc_s -plugin-opt=-pass-through=-lc -plugin-opt=-pass-through=-lgcc -plugin-opt=-pass-through=-lgcc_s --build-id --eh-frame-hdr -m elf_x86_64 -export-dynamic -dynamic-linker /lib64/ld-linux-x86-64.so.2 -o cmTC_df5b3 /usr/lib64/gcc/x86_64-suse-linux/7/../../../../lib64/crt1.o /usr/lib64/gcc/x86_64-suse-linux/7/../../../../lib64/crti.o /usr/lib64/gcc/x86_64-suse-linux/7/crtbegin.o -L/usr/lib64/gcc/x86_64-suse-linux/7 -L/usr/lib64/gcc/x86_64-suse-linux/7/../../../../lib64 -L/lib/../lib64 -L/usr/lib/../lib64 -L/usr/lib64/gcc/x86_64-suse-linux/7/../../../../x86_64-suse-linux/lib -L/usr/lib64/gcc/x86_64-suse-linux/7/../../.. CMakeFiles/cmTC_df5b3.dir/CMakeCCompilerABI.c.o -lgcc --as-needed -lgcc_s --no-as-needed -lc -lgcc --as-needed -lgcc_s --no-as-needed /usr/lib64/gcc/x86_64-suse-linux/7/crtend.o /usr/lib64/gcc/x86_64-suse-linux/7/../../../../lib64/crtn.o]
    arg [/usr/lib64/gcc/x86_64-suse-linux/7/collect2] ==> ignore
    arg [-plugin] ==> ignore
    arg [/usr/lib64/gcc/x86_64-suse-linux/7/liblto_plugin.so] ==> ignore
    arg [-plugin-opt=/usr/lib64/gcc/x86_64-suse-linux/7/lto-wrapper] ==> ignore
    arg [-plugin-opt=-fresolution=/tmp/ccfjXwQt.res] ==> ignore
    arg [-plugin-opt=-pass-through=-lgcc] ==> ignore
    arg [-plugin-opt=-pass-through=-lgcc_s] ==> ignore
    arg [-plugin-opt=-pass-through=-lc] ==> ignore
    arg [-plugin-opt=-pass-through=-lgcc] ==> ignore
    arg [-plugin-opt=-pass-through=-lgcc_s] ==> ignore
    arg [--build-id] ==> ignore
    arg [--eh-frame-hdr] ==> ignore
    arg [-m] ==> ignore
    arg [elf_x86_64] ==> ignore
    arg [-export-dynamic] ==> ignore
    arg [-dynamic-linker] ==> ignore
    arg [/lib64/ld-linux-x86-64.so.2] ==> ignore
    arg [-o] ==> ignore
    arg [cmTC_df5b3] ==> ignore
    arg [/usr/lib64/gcc/x86_64-suse-linux/7/../../../../lib64/crt1.o] ==> ignore
    arg [/usr/lib64/gcc/x86_64-suse-linux/7/../../../../lib64/crti.o] ==> ignore
    arg [/usr/lib64/gcc/x86_64-suse-linux/7/crtbegin.o] ==> ignore
    arg [-L/usr/lib64/gcc/x86_64-suse-linux/7] ==> dir [/usr/lib64/gcc/x86_64-suse-linux/7]
    arg [-L/usr/lib64/gcc/x86_64-suse-linux/7/../../../../lib64] ==> dir [/usr/lib64/gcc/x86_64-suse-linux/7/../../../../lib64]
    arg [-L/lib/../lib64] ==> dir [/lib/../lib64]
    arg [-L/usr/lib/../lib64] ==> dir [/usr/lib/../lib64]
    arg [-L/usr/lib64/gcc/x86_64-suse-linux/7/../../../../x86_64-suse-linux/lib] ==> dir [/usr/lib64/gcc/x86_64-suse-linux/7/../../../../x86_64-suse-linux/lib]
    arg [-L/usr/lib64/gcc/x86_64-suse-linux/7/../../..] ==> dir [/usr/lib64/gcc/x86_64-suse-linux/7/../../..]
    arg [CMakeFiles/cmTC_df5b3.dir/CMakeCCompilerABI.c.o] ==> ignore
    arg [-lgcc] ==> lib [gcc]
    arg [--as-needed] ==> ignore
    arg [-lgcc_s] ==> lib [gcc_s]
    arg [--no-as-needed] ==> ignore
    arg [-lc] ==> lib [c]
    arg [-lgcc] ==> lib [gcc]
    arg [--as-needed] ==> ignore
    arg [-lgcc_s] ==> lib [gcc_s]
    arg [--no-as-needed] ==> ignore
    arg [/usr/lib64/gcc/x86_64-suse-linux/7/crtend.o] ==> ignore
    arg [/usr/lib64/gcc/x86_64-suse-linux/7/../../../../lib64/crtn.o] ==> ignore
  collapse library dir [/usr/lib64/gcc/x86_64-suse-linux/7] ==> [/usr/lib64/gcc/x86_64-suse-linux/7]
  collapse library dir [/usr/lib64/gcc/x86_64-suse-linux/7/../../../../lib64] ==> [/usr/lib64]
  collapse library dir [/lib/../lib64] ==> [/lib64]
  collapse library dir [/usr/lib/../lib64] ==> [/usr/lib64]
  collapse library dir [/usr/lib64/gcc/x86_64-suse-linux/7/../../../../x86_64-suse-linux/lib] ==> [/usr/x86_64-suse-linux/lib]
  collapse library dir [/usr/lib64/gcc/x86_64-suse-linux/7/../../..] ==> [/usr/lib64]
  implicit libs: [gcc;gcc_s;c;gcc;gcc_s]
  implicit dirs: [/usr/lib64/gcc/x86_64-suse-linux/7;/usr/lib64;/lib64;/usr/x86_64-suse-linux/lib]
  implicit fwks: []




Detecting C [-std=c11] compiler features compiled with the following output:
Change Dir: /home/netpipe/desktops/5/freq2/pulseviz/CMakeFiles/CMakeTmp

Run Build Command:"/usr/bin/gmake" "cmTC_b7f9c/fast"
/usr/bin/gmake -f CMakeFiles/cmTC_b7f9c.dir/build.make CMakeFiles/cmTC_b7f9c.dir/build
gmake[1]: Entering directory '/home/netpipe/desktops/5/freq2/pulseviz/CMakeFiles/CMakeTmp'
Building C object CMakeFiles/cmTC_b7f9c.dir/feature_tests.c.o
/usr/bin/cc   -std=c11 -o CMakeFiles/cmTC_b7f9c.dir/feature_tests.c.o   -c /home/netpipe/desktops/5/freq2/pulseviz/CMakeFiles/feature_tests.c
Linking C executable cmTC_b7f9c
/usr/bin/cmake -E cmake_link_script CMakeFiles/cmTC_b7f9c.dir/link.txt --verbose=1
/usr/bin/cc      -rdynamic CMakeFiles/cmTC_b7f9c.dir/feature_tests.c.o  -o cmTC_b7f9c 
gmake[1]: Leaving directory '/home/netpipe/desktops/5/freq2/pulseviz/CMakeFiles/CMakeTmp'


    Feature record: C_FEATURE:1c_function_prototypes
    Feature record: C_FEATURE:1c_restrict
    Feature record: C_FEATURE:1c_static_assert
    Feature record: C_FEATURE:1c_variadic_macros


Detecting C [-std=c99] compiler features compiled with the following output:
Change Dir: /home/netpipe/desktops/5/freq2/pulseviz/CMakeFiles/CMakeTmp

Run Build Command:"/usr/bin/gmake" "cmTC_1727c/fast"
/usr/bin/gmake -f CMakeFiles/cmTC_1727c.dir/build.make CMakeFiles/cmTC_1727c.dir/build
gmake[1]: Entering directory '/home/netpipe/desktops/5/freq2/pulseviz/CMakeFiles/CMakeTmp'
Building C object CMakeFiles/cmTC_1727c.dir/feature_tests.c.o
/usr/bin/cc   -std=c99 -o CMakeFiles/cmTC_1727c.dir/feature_tests.c.o   -c /home/netpipe/desktops/5/freq2/pulseviz/CMakeFiles/feature_tests.c
Linking C executable cmTC_1727c
/usr/bin/cmake -E cmake_link_script CMakeFiles/cmTC_1727c.dir/link.txt --verbose=1
/usr/bin/cc      -rdynamic CMakeFiles/cmTC_1727c.dir/feature_tests.c.o  -o cmTC_1727c 
gmake[1]: Leaving directory '/home/netpipe/desktops/5/freq2/pulseviz/CMakeFiles/CMakeTmp'


    Feature record: C_FEATURE:1c_function_prototypes
    Feature record: C_FEATURE:1c_restrict
    Feature record: C_FEATURE:0c_static_assert
    Feature record: C_FEATURE:1c_variadic_macros


Detecting C [-std=c90] compiler features compiled with the following output:
Change Dir: /home/netpipe/desktops/5/freq2/pulseviz/CMakeFiles/CMakeTmp

Run Build Command:"/usr/bin/gmake" "cmTC_f39c9/fast"
/usr/bin/gmake -f CMakeFiles/cmTC_f39c9.dir/build.make CMakeFiles/cmTC_f39c9.dir/build
gmake[1]: Entering directory '/home/netpipe/desktops/5/freq2/pulseviz/CMakeFiles/CMakeTmp'
Building C object CMakeFiles/cmTC_f39c9.dir/feature_tests.c.o
/usr/bin/cc   -std=c90 -o CMakeFiles/cmTC_f39c9.dir/feature_tests.c.o   -c /home/netpipe/desktops/5/freq2/pulseviz/CMakeFiles/feature_tests.c
Linking C executable cmTC_f39c9
/usr/bin/cmake -E cmake_link_script CMakeFiles/cmTC_f39c9.dir/link.txt --verbose=1
/usr/bin/cc      -rdynamic CMakeFiles/cmTC_f39c9.dir/feature_tests.c.o  -o cmTC_f39c9 
gmake[1]: Leaving directory '/home/netpipe/desktops/5/freq2/pulseviz/CMakeFiles/CMakeTmp'


    Feature record: C_FEATURE:1c_function_prototypes
    Feature record: C_FEATURE:0c_restrict
    Feature record: C_FEATURE:0c_static_assert
    Feature record: C_FEATURE:0c_variadic_macros
Determining if the CXX compiler works passed with the following output:
Change Dir: /home/netpipe/desktops/5/freq2/pulseviz/CMakeFiles/CMakeTmp

Run Build Command:"/usr/bin/gmake" "cmTC_2e44f/fast"
/usr/bin/gmake -f CMakeFiles/cmTC_2e44f.dir/build.make CMakeFiles/cmTC_2e44f.dir/build
gmake[1]: Entering directory '/home/netpipe/desktops/5/freq2/pulseviz/CMakeFiles/CMakeTmp'
Building CXX object CMakeFiles/cmTC_2e44f.dir/testCXXCompiler.cxx.o
/usr/bin/c++     -o CMakeFiles/cmTC_2e44f.dir/testCXXCompiler.cxx.o -c /home/netpipe/desktops/5/freq2/pulseviz/CMakeFiles/CMakeTmp/testCXXCompiler.cxx
Linking CXX executable cmTC_2e44f
/usr/bin/cmake -E cmake_link_script CMakeFiles/cmTC_2e44f.dir/link.txt --verbose=1
/usr/bin/c++       -rdynamic CMakeFiles/cmTC_2e44f.dir/testCXXCompiler.cxx.o  -o cmTC_2e44f 
gmake[1]: Leaving directory '/home/netpipe/desktops/5/freq2/pulseviz/CMakeFiles/CMakeTmp'


Detecting CXX compiler ABI info compiled with the following output:
Change Dir: /home/netpipe/desktops/5/freq2/pulseviz/CMakeFiles/CMakeTmp

Run Build Command:"/usr/bin/gmake" "cmTC_a965c/fast"
/usr/bin/gmake -f CMakeFiles/cmTC_a965c.dir/build.make CMakeFiles/cmTC_a965c.dir/build
gmake[1]: Entering directory '/home/netpipe/desktops/5/freq2/pulseviz/CMakeFiles/CMakeTmp'
Building CXX object CMakeFiles/cmTC_a965c.dir/CMakeCXXCompilerABI.cpp.o
/usr/bin/c++     -o CMakeFiles/cmTC_a965c.dir/CMakeCXXCompilerABI.cpp.o -c /usr/share/cmake/Modules/CMakeCXXCompilerABI.cpp
Linking CXX executable cmTC_a965c
/usr/bin/cmake -E cmake_link_script CMakeFiles/cmTC_a965c.dir/link.txt --verbose=1
/usr/bin/c++      -v -rdynamic CMakeFiles/cmTC_a965c.dir/CMakeCXXCompilerABI.cpp.o  -o cmTC_a965c 
Using built-in specs.
COLLECT_GCC=/usr/bin/c++
COLLECT_LTO_WRAPPER=/usr/lib64/gcc/x86_64-suse-linux/7/lto-wrapper
OFFLOAD_TARGET_NAMES=hsa:nvptx-none
Target: x86_64-suse-linux
Configured with: ../configure --prefix=/usr --infodir=/usr/share/info --mandir=/usr/share/man --libdir=/usr/lib64 --libexecdir=/usr/lib64 --enable-languages=c,c++,objc,fortran,obj-c++,ada,go --enable-offload-targets=hsa,nvptx-none=/usr/nvptx-none, --without-cuda-driver --enable-checking=release --disable-werror --with-gxx-include-dir=/usr/include/c++/7 --enable-ssp --disable-libssp --disable-libvtv --disable-libcc1 --disable-plugin --with-bugurl=https://bugs.opensuse.org/ --with-pkgversion='SUSE Linux' --with-slibdir=/lib64 --with-system-zlib --enable-libstdcxx-allocator=new --disable-libstdcxx-pch --enable-version-specific-runtime-libs --with-gcc-major-version-only --enable-linker-build-id --enable-linux-futex --enable-gnu-indirect-function --program-suffix=-7 --without-system-libunwind --enable-multilib --with-arch-32=x86-64 --with-tune=generic --build=x86_64-suse-linux --host=x86_64-suse-linux
Thread model: posix
gcc version 7.5.0 (SUSE Linux) 
COMPILER_PATH=/usr/lib64/gcc/x86_64-suse-linux/7/:/usr/lib64/gcc/x86_64-suse-linux/7/:/usr/lib64/gcc/x86_64-suse-linux/:/usr/lib64/gcc/x86_64-suse-linux/7/:/usr/lib64/gcc/x86_64-suse-linux/:/usr/lib64/gcc/x86_64-suse-linux/7/../../../../x86_64-suse-linux/bin/
LIBRARY_PATH=/usr/lib64/gcc/x86_64-suse-linux/7/:/usr/lib64/gcc/x86_64-suse-linux/7/../../../../lib64/:/lib/../lib64/:/usr/lib/../lib64/:/usr/lib64/gcc/x86_64-suse-linux/7/../../../../x86_64-suse-linux/lib/:/usr/lib64/gcc/x86_64-suse-linux/7/../../../:/lib/:/usr/lib/
COLLECT_GCC_OPTIONS='-v' '-rdynamic' '-o' 'cmTC_a965c' '-shared-libgcc' '-mtune=generic' '-march=x86-64'
 /usr/lib64/gcc/x86_64-suse-linux/7/collect2 -plugin /usr/lib64/gcc/x86_64-suse-linux/7/liblto_plugin.so -plugin-opt=/usr/lib64/gcc/x86_64-suse-linux/7/lto-wrapper -plugin-opt=-fresolution=/tmp/ccVOgYjJ.res -plugin-opt=-pass-through=-lgcc_s -plugin-opt=-pass-through=-lgcc -plugin-opt=-pass-through=-lc -plugin-opt=-pass-through=-lgcc_s -plugin-opt=-pass-through=-lgcc --build-id --eh-frame-hdr -m elf_x86_64 -export-dynamic -dynamic-linker /lib64/ld-linux-x86-64.so.2 -o cmTC_a965c /usr/lib64/gcc/x86_64-suse-linux/7/../../../../lib64/crt1.o /usr/lib64/gcc/x86_64-suse-linux/7/../../../../lib64/crti.o /usr/lib64/gcc/x86_64-suse-linux/7/crtbegin.o -L/usr/lib64/gcc/x86_64-suse-linux/7 -L/usr/lib64/gcc/x86_64-suse-linux/7/../../../../lib64 -L/lib/../lib64 -L/usr/lib/../lib64 -L/usr/lib64/gcc/x86_64-suse-linux/7/../../../../x86_64-suse-linux/lib -L/usr/lib64/gcc/x86_64-suse-linux/7/../../.. CMakeFiles/cmTC_a965c.dir/CMakeCXXCompilerABI.cpp.o -lstdc++ -lm -lgcc_s -lgcc -lc -lgcc_s -lgcc /usr/lib64/gcc/x86_64-suse-linux/7/crtend.o /usr/lib64/gcc/x86_64-suse-linux/7/../../../../lib64/crtn.o
COLLECT_GCC_OPTIONS='-v' '-rdynamic' '-o' 'cmTC_a965c' '-shared-libgcc' '-mtune=generic' '-march=x86-64'
gmake[1]: Leaving directory '/home/netpipe/desktops/5/freq2/pulseviz/CMakeFiles/CMakeTmp'


Parsed CXX implicit link information from above output:
  link line regex: [^( *|.*[/\])(ld|CMAKE_LINK_STARTFILE-NOTFOUND|([^/\]+-)?ld|collect2)[^/\]*( |$)]
  ignore line: [Change Dir: /home/netpipe/desktops/5/freq2/pulseviz/CMakeFiles/CMakeTmp]
  ignore line: []
  ignore line: [Run Build Command:"/usr/bin/gmake" "cmTC_a965c/fast"]
  ignore line: [/usr/bin/gmake -f CMakeFiles/cmTC_a965c.dir/build.make CMakeFiles/cmTC_a965c.dir/build]
  ignore line: [gmake[1]: Entering directory '/home/netpipe/desktops/5/freq2/pulseviz/CMakeFiles/CMakeTmp']
  ignore line: [Building CXX object CMakeFiles/cmTC_a965c.dir/CMakeCXXCompilerABI.cpp.o]
  ignore line: [/usr/bin/c++     -o CMakeFiles/cmTC_a965c.dir/CMakeCXXCompilerABI.cpp.o -c /usr/share/cmake/Modules/CMakeCXXCompilerABI.cpp]
  ignore line: [Linking CXX executable cmTC_a965c]
  ignore line: [/usr/bin/cmake -E cmake_link_script CMakeFiles/cmTC_a965c.dir/link.txt --verbose=1]
  ignore line: [/usr/bin/c++      -v -rdynamic CMakeFiles/cmTC_a965c.dir/CMakeCXXCompilerABI.cpp.o  -o cmTC_a965c ]
  ignore line: [Using built-in specs.]
  ignore line: [COLLECT_GCC=/usr/bin/c++]
  ignore line: [COLLECT_LTO_WRAPPER=/usr/lib64/gcc/x86_64-suse-linux/7/lto-wrapper]
  ignore line: [OFFLOAD_TARGET_NAMES=hsa:nvptx-none]
  ignore line: [Target: x86_64-suse-linux]
  ignore line: [Configured with: ../configure --prefix=/usr --infodir=/usr/share/info --mandir=/usr/share/man --libdir=/usr/lib64 --libexecdir=/usr/lib64 --enable-languages=c,c++,objc,fortran,obj-c++,ada,go --enable-offload-targets=hsa,nvptx-none=/usr/nvptx-none, --without-cuda-driver --enable-checking=release --disable-werror --with-gxx-include-dir=/usr/include/c++/7 --enable-ssp --disable-libssp --disable-libvtv --disable-libcc1 --disable-plugin --with-bugurl=https://bugs.opensuse.org/ --with-pkgversion='SUSE Linux' --with-slibdir=/lib64 --with-system-zlib --enable-libstdcxx-allocator=new --disable-libstdcxx-pch --enable-version-specific-runtime-libs --with-gcc-major-version-only --enable-linker-build-id --enable-linux-futex --enable-gnu-indirect-function --program-suffix=-7 --without-system-libunwind --enable-multilib --with-arch-32=x86-64 --with-tune=generic --build=x86_64-suse-linux --host=x86_64-suse-linux]
  ignore line: [Thread model: posix]
  ignore line: [gcc version 7.5.0 (SUSE Linux) ]
  ignore line: [COMPILER_PATH=/usr/lib64/gcc/x86_64-suse-linux/7/:/usr/lib64/gcc/x86_64-suse-linux/7/:/usr/lib64/gcc/x86_64-suse-linux/:/usr/lib64/gcc/x86_64-suse-linux/7/:/usr/lib64/gcc/x86_64-suse-linux/:/usr/lib64/gcc/x86_64-suse-linux/7/../../../../x86_64-suse-linux/bin/]
  ignore line: [LIBRARY_PATH=/usr/lib64/gcc/x86_64-suse-linux/7/:/usr/lib64/gcc/x86_64-suse-linux/7/../../../../lib64/:/lib/../lib64/:/usr/lib/../lib64/:/usr/lib64/gcc/x86_64-suse-linux/7/../../../../x86_64-suse-linux/lib/:/usr/lib64/gcc/x86_64-suse-linux/7/../../../:/lib/:/usr/lib/]
  ignore line: [COLLECT_GCC_OPTIONS='-v' '-rdynamic' '-o' 'cmTC_a965c' '-shared-libgcc' '-mtune=generic' '-march=x86-64']
  link line: [ /usr/lib64/gcc/x86_64-suse-linux/7/collect2 -plugin /usr/lib64/gcc/x86_64-suse-linux/7/liblto_plugin.so -plugin-opt=/usr/lib64/gcc/x86_64-suse-linux/7/lto-wrapper -plugin-opt=-fresolution=/tmp/ccVOgYjJ.res -plugin-opt=-pass-through=-lgcc_s -plugin-opt=-pass-through=-lgcc -plugin-opt=-pass-through=-lc -plugin-opt=-pass-through=-lgcc_s -plugin-opt=-pass-through=-lgcc --build-id --eh-frame-hdr -m elf_x86_64 -export-dynamic -dynamic-linker /lib64/ld-linux-x86-64.so.2 -o cmTC_a965c /usr/lib64/gcc/x86_64-suse-linux/7/../../../../lib64/crt1.o /usr/lib64/gcc/x86_64-suse-linux/7/../../../../lib64/crti.o /usr/lib64/gcc/x86_64-suse-linux/7/crtbegin.o -L/usr/lib64/gcc/x86_64-suse-linux/7 -L/usr/lib64/gcc/x86_64-suse-linux/7/../../../../lib64 -L/lib/../lib64 -L/usr/lib/../lib64 -L/usr/lib64/gcc/x86_64-suse-linux/7/../../../../x86_64-suse-linux/lib -L/usr/lib64/gcc/x86_64-suse-linux/7/../../.. CMakeFiles/cmTC_a965c.dir/CMakeCXXCompilerABI.cpp.o -lstdc++ -lm -lgcc_s -lgcc -lc -lgcc_s -lgcc /usr/lib64/gcc/x86_64-suse-linux/7/crtend.o /usr/lib64/gcc/x86_64-suse-linux/7/../../../../lib64/crtn.o]
    arg [/usr/lib64/gcc/x86_64-suse-linux/7/collect2] ==> ignore
    arg [-plugin] ==> ignore
    arg [/usr/lib64/gcc/x86_64-suse-linux/7/liblto_plugin.so] ==> ignore
    arg [-plugin-opt=/usr/lib64/gcc/x86_64-suse-linux/7/lto-wrapper] ==> ignore
    arg [-plugin-opt=-fresolution=/tmp/ccVOgYjJ.res] ==> ignore
    arg [-plugin-opt=-pass-through=-lgcc_s] ==> ignore
    arg [-plugin-opt=-pass-through=-lgcc] ==> ignore
    arg [-plugin-opt=-pass-through=-lc] ==> ignore
    arg [-plugin-opt=-pass-through=-lgcc_s] ==> ignore
    arg [-plugin-opt=-pass-through=-lgcc] ==> ignore
    arg [--build-id] ==> ignore
    arg [--eh-frame-hdr] ==> ignore
    arg [-m] ==> ignore
    arg [elf_x86_64] ==> ignore
    arg [-export-dynamic] ==> ignore
    arg [-dynamic-linker] ==> ignore
    arg [/lib64/ld-linux-x86-64.so.2] ==> ignore
    arg [-o] ==> ignore
    arg [cmTC_a965c] ==> ignore
    arg [/usr/lib64/gcc/x86_64-suse-linux/7/../../../../lib64/crt1.o] ==> ignore
    arg [/usr/lib64/gcc/x86_64-suse-linux/7/../../../../lib64/crti.o] ==> ignore
    arg [/usr/lib64/gcc/x86_64-suse-linux/7/crtbegin.o] ==> ignore
    arg [-L/usr/lib64/gcc/x86_64-suse-linux/7] ==> dir [/usr/lib64/gcc/x86_64-suse-linux/7]
    arg [-L/usr/lib64/gcc/x86_64-suse-linux/7/../../../../lib64] ==> dir [/usr/lib64/gcc/x86_64-suse-linux/7/../../../../lib64]
    arg [-L/lib/../lib64] ==> dir [/lib/../lib64]
    arg [-L/usr/lib/../lib64] ==> dir [/usr/lib/../lib64]
    arg [-L/usr/lib64/gcc/x86_64-suse-linux/7/../../../../x86_64-suse-linux/lib] ==> dir [/usr/lib64/gcc/x86_64-suse-linux/7/../../../../x86_64-suse-linux/lib]
    arg [-L/usr/lib64/gcc/x86_64-suse-linux/7/../../..] ==> dir [/usr/lib64/gcc/x86_64-suse-linux/7/../../..]
    arg [CMakeFiles/cmTC_a965c.dir/CMakeCXXCompilerABI.cpp.o] ==> ignore
    arg [-lstdc++] ==> lib [stdc++]
    arg [-lm] ==> lib [m]
    arg [-lgcc_s] ==> lib [gcc_s]
    arg [-lgcc] ==> lib [gcc]
    arg [-lc] ==> lib [c]
    arg [-lgcc_s] ==> lib [gcc_s]
    arg [-lgcc] ==> lib [gcc]
    arg [/usr/lib64/gcc/x86_64-suse-linux/7/crtend.o] ==> ignore
    arg [/usr/lib64/gcc/x86_64-suse-linux/7/../../../../lib64/crtn.o] ==> ignore
  collapse library dir [/usr/lib64/gcc/x86_64-suse-linux/7] ==> [/usr/lib64/gcc/x86_64-suse-linux/7]
  collapse library dir [/usr/lib64/gcc/x86_64-suse-linux/7/../../../../lib64] ==> [/usr/lib64]
  collapse library dir [/lib/../lib64] ==> [/lib64]
  collapse library dir [/usr/lib/../lib64] ==> [/usr/lib64]
  collapse library dir [/usr/lib64/gcc/x86_64-suse-linux/7/../../../../x86_64-suse-linux/lib] ==> [/usr/x86_64-suse-linux/lib]
  collapse library dir [/usr/lib64/gcc/x86_64-suse-linux/7/../../..] ==> [/usr/lib64]
  implicit libs: [stdc++;m;gcc_s;gcc;c;gcc_s;gcc]
  implicit dirs: [/usr/lib64/gcc/x86_64-suse-linux/7;/usr/lib64;/lib64;/usr/x86_64-suse-linux/lib]
  implicit fwks: []




Detecting CXX [-std=c++1z] compiler features compiled with the following output:
Change Dir: /home/netpipe/desktops/5/freq2/pulseviz/CMakeFiles/CMakeTmp

Run Build Command:"/usr/bin/gmake" "cmTC_c1694/fast"
/usr/bin/gmake -f CMakeFiles/cmTC_c1694.dir/build.make CMakeFiles/cmTC_c1694.dir/build
gmake[1]: Entering directory '/home/netpipe/desktops/5/freq2/pulseviz/CMakeFiles/CMakeTmp'
Building CXX object CMakeFiles/cmTC_c1694.dir/feature_tests.cxx.o
/usr/bin/c++    -std=c++1z -o CMakeFiles/cmTC_c1694.dir/feature_tests.cxx.o -c /home/netpipe/desktops/5/freq2/pulseviz/CMakeFiles/feature_tests.cxx
Linking CXX executable cmTC_c1694
/usr/bin/cmake -E cmake_link_script CMakeFiles/cmTC_c1694.dir/link.txt --verbose=1
/usr/bin/c++       -rdynamic CMakeFiles/cmTC_c1694.dir/feature_tests.cxx.o  -o cmTC_c1694 
gmake[1]: Leaving directory '/home/netpipe/desktops/5/freq2/pulseviz/CMakeFiles/CMakeTmp'


    Feature record: CXX_FEATURE:1cxx_aggregate_default_initializers
    Feature record: CXX_FEATURE:1cxx_alias_templates
    Feature record: CXX_FEATURE:1cxx_alignas
    Feature record: CXX_FEATURE:1cxx_alignof
    Feature record: CXX_FEATURE:1cxx_attributes
    Feature record: CXX_FEATURE:1cxx_attribute_deprecated
    Feature record: CXX_FEATURE:1cxx_auto_type
    Feature record: CXX_FEATURE:1cxx_binary_literals
    Feature record: CXX_FEATURE:1cxx_constexpr
    Feature record: CXX_FEATURE:1cxx_contextual_conversions
    Feature record: CXX_FEATURE:1cxx_decltype
    Feature record: CXX_FEATURE:1cxx_decltype_auto
    Feature record: CXX_FEATURE:1cxx_decltype_incomplete_return_types
    Feature record: CXX_FEATURE:1cxx_default_function_template_args
    Feature record: CXX_FEATURE:1cxx_defaulted_functions
    Feature record: CXX_FEATURE:1cxx_defaulted_move_initializers
    Feature record: CXX_FEATURE:1cxx_delegating_constructors
    Feature record: CXX_FEATURE:1cxx_deleted_functions
    Feature record: CXX_FEATURE:1cxx_digit_separators
    Feature record: CXX_FEATURE:1cxx_enum_forward_declarations
    Feature record: CXX_FEATURE:1cxx_explicit_conversions
    Feature record: CXX_FEATURE:1cxx_extended_friend_declarations
    Feature record: CXX_FEATURE:1cxx_extern_templates
    Feature record: CXX_FEATURE:1cxx_final
    Feature record: CXX_FEATURE:1cxx_func_identifier
    Feature record: CXX_FEATURE:1cxx_generalized_initializers
    Feature record: CXX_FEATURE:1cxx_generic_lambdas
    Feature record: CXX_FEATURE:1cxx_inheriting_constructors
    Feature record: CXX_FEATURE:1cxx_inline_namespaces
    Feature record: CXX_FEATURE:1cxx_lambdas
    Feature record: CXX_FEATURE:1cxx_lambda_init_captures
    Feature record: CXX_FEATURE:1cxx_local_type_template_args
    Feature record: CXX_FEATURE:1cxx_long_long_type
    Feature record: CXX_FEATURE:1cxx_noexcept
    Feature record: CXX_FEATURE:1cxx_nonstatic_member_init
    Feature record: CXX_FEATURE:1cxx_nullptr
    Feature record: CXX_FEATURE:1cxx_override
    Feature record: CXX_FEATURE:1cxx_range_for
    Feature record: CXX_FEATURE:1cxx_raw_string_literals
    Feature record: CXX_FEATURE:1cxx_reference_qualified_functions
    Feature record: CXX_FEATURE:1cxx_relaxed_constexpr
    Feature record: CXX_FEATURE:1cxx_return_type_deduction
    Feature record: CXX_FEATURE:1cxx_right_angle_brackets
    Feature record: CXX_FEATURE:1cxx_rvalue_references
    Feature record: CXX_FEATURE:1cxx_sizeof_member
    Feature record: CXX_FEATURE:1cxx_static_assert
    Feature record: CXX_FEATURE:1cxx_strong_enums
    Feature record: CXX_FEATURE:1cxx_template_template_parameters
    Feature record: CXX_FEATURE:1cxx_thread_local
    Feature record: CXX_FEATURE:1cxx_trailing_return_types
    Feature record: CXX_FEATURE:1cxx_unicode_literals
    Feature record: CXX_FEATURE:1cxx_uniform_initialization
    Feature record: CXX_FEATURE:1cxx_unrestricted_unions
    Feature record: CXX_FEATURE:1cxx_user_literals
    Feature record: CXX_FEATURE:1cxx_variable_templates
    Feature record: CXX_FEATURE:1cxx_variadic_macros
    Feature record: CXX_FEATURE:1cxx_variadic_templates


Detecting CXX [-std=c++14] compiler features compiled with the following output:
Change Dir: /home/netpipe/desktops/5/freq2/pulseviz/CMakeFiles/CMakeTmp

Run Build Command:"/usr/bin/gmake" "cmTC_c384b/fast"
/usr/bin/gmake -f CMakeFiles/cmTC_c384b.dir/build.make CMakeFiles/cmTC_c384b.dir/build
gmake[1]: Entering directory '/home/netpipe/desktops/5/freq2/pulseviz/CMakeFiles/CMakeTmp'
Building CXX object CMakeFiles/cmTC_c384b.dir/feature_tests.cxx.o
/usr/bin/c++    -std=c++14 -o CMakeFiles/cmTC_c384b.dir/feature_tests.cxx.o -c /home/netpipe/desktops/5/freq2/pulseviz/CMakeFiles/feature_tests.cxx
Linking CXX executable cmTC_c384b
/usr/bin/cmake -E cmake_link_script CMakeFiles/cmTC_c384b.dir/link.txt --verbose=1
/usr/bin/c++       -rdynamic CMakeFiles/cmTC_c384b.dir/feature_tests.cxx.o  -o cmTC_c384b 
gmake[1]: Leaving directory '/home/netpipe/desktops/5/freq2/pulseviz/CMakeFiles/CMakeTmp'


    Feature record: CXX_FEATURE:1cxx_aggregate_default_initializers
    Feature record: CXX_FEATURE:1cxx_alias_templates
    Feature record: CXX_FEATURE:1cxx_alignas
    Feature record: CXX_FEATURE:1cxx_alignof
    Feature record: CXX_FEATURE:1cxx_attributes
    Feature record: CXX_FEATURE:1cxx_attribute_deprecated
    Feature record: CXX_FEATURE:1cxx_auto_type
    Feature record: CXX_FEATURE:1cxx_binary_literals
    Feature record: CXX_FEATURE:1cxx_constexpr
    Feature record: CXX_FEATURE:1cxx_contextual_conversions
    Feature record: CXX_FEATURE:1cxx_decltype
    Feature record: CXX_FEATURE:1cxx_decltype_auto
    Feature record: CXX_FEATURE:1cxx_decltype_incomplete_return_types
    Feature record: CXX_FEATURE:1cxx_default_function_template_args
    Feature record: CXX_FEATURE:1cxx_defaulted_functions
    Feature record: CXX_FEATURE:1cxx_defaulted_move_initializers
    Feature record: CXX_FEATURE:1cxx_delegating_constructors
    Feature record: CXX_FEATURE:1cxx_deleted_functions
    Feature record: CXX_FEATURE:1cxx_digit_separators
    Feature record: CXX_FEATURE:1cxx_enum_forward_declarations
    Feature record: CXX_FEATURE:1cxx_explicit_conversions
    Feature record: CXX_FEATURE:1cxx_extended_friend_declarations
    Feature record: CXX_FEATURE:1cxx_extern_templates
    Feature record: CXX_FEATURE:1cxx_final
    Feature record: CXX_FEATURE:1cxx_func_identifier
    Feature record: CXX_FEATURE:1cxx_generalized_initializers
    Feature record: CXX_FEATURE:1cxx_generic_lambdas
    Feature record: CXX_FEATURE:1cxx_inheriting_constructors
    Feature record: CXX_FEATURE:1cxx_inline_namespaces
    Feature record: CXX_FEATURE:1cxx_lambdas
    Feature record: CXX_FEATURE:1cxx_lambda_init_captures
    Feature record: CXX_FEATURE:1cxx_local_type_template_args
    Feature record: CXX_FEATURE:1cxx_long_long_type
    Feature record: CXX_FEATURE:1cxx_noexcept
    Feature record: CXX_FEATURE:1cxx_nonstatic_member_init
    Feature record: CXX_FEATURE:1cxx_nullptr
    Feature record: CXX_FEATURE:1cxx_override
    Feature record: CXX_FEATURE:1cxx_range_for
    Feature record: CXX_FEATURE:1cxx_raw_string_literals
    Feature record: CXX_FEATURE:1cxx_reference_qualified_functions
    Feature record: CXX_FEATURE:1cxx_relaxed_constexpr
    Feature record: CXX_FEATURE:1cxx_return_type_deduction
    Feature record: CXX_FEATURE:1cxx_right_angle_brackets
    Feature record: CXX_FEATURE:1cxx_rvalue_references
    Feature record: CXX_FEATURE:1cxx_sizeof_member
    Feature record: CXX_FEATURE:1cxx_static_assert
    Feature record: CXX_FEATURE:1cxx_strong_enums
    Feature record: CXX_FEATURE:1cxx_template_template_parameters
    Feature record: CXX_FEATURE:1cxx_thread_local
    Feature record: CXX_FEATURE:1cxx_trailing_return_types
    Feature record: CXX_FEATURE:1cxx_unicode_literals
    Feature record: CXX_FEATURE:1cxx_uniform_initialization
    Feature record: CXX_FEATURE:1cxx_unrestricted_unions
    Feature record: CXX_FEATURE:1cxx_user_literals
    Feature record: CXX_FEATURE:1cxx_variable_templates
    Feature record: CXX_FEATURE:1cxx_variadic_macros
    Feature record: CXX_FEATURE:1cxx_variadic_templates


Detecting CXX [-std=c++11] compiler features compiled with the following output:
Change Dir: /home/netpipe/desktops/5/freq2/pulseviz/CMakeFiles/CMakeTmp

Run Build Command:"/usr/bin/gmake" "cmTC_b8658/fast"
/usr/bin/gmake -f CMakeFiles/cmTC_b8658.dir/build.make CMakeFiles/cmTC_b8658.dir/build
gmake[1]: Entering directory '/home/netpipe/desktops/5/freq2/pulseviz/CMakeFiles/CMakeTmp'
Building CXX object CMakeFiles/cmTC_b8658.dir/feature_tests.cxx.o
/usr/bin/c++    -std=c++11 -o CMakeFiles/cmTC_b8658.dir/feature_tests.cxx.o -c /home/netpipe/desktops/5/freq2/pulseviz/CMakeFiles/feature_tests.cxx
Linking CXX executable cmTC_b8658
/usr/bin/cmake -E cmake_link_script CMakeFiles/cmTC_b8658.dir/link.txt --verbose=1
/usr/bin/c++       -rdynamic CMakeFiles/cmTC_b8658.dir/feature_tests.cxx.o  -o cmTC_b8658 
gmake[1]: Leaving directory '/home/netpipe/desktops/5/freq2/pulseviz/CMakeFiles/CMakeTmp'


    Feature record: CXX_FEATURE:0cxx_aggregate_default_initializers
    Feature record: CXX_FEATURE:1cxx_alias_templates
    Feature record: CXX_FEATURE:1cxx_alignas
    Feature record: CXX_FEATURE:1cxx_alignof
    Feature record: CXX_FEATURE:1cxx_attributes
    Feature record: CXX_FEATURE:0cxx_attribute_deprecated
    Feature record: CXX_FEATURE:1cxx_auto_type
    Feature record: CXX_FEATURE:0cxx_binary_literals
    Feature record: CXX_FEATURE:1cxx_constexpr
    Feature record: CXX_FEATURE:0cxx_contextual_conversions
    Feature record: CXX_FEATURE:1cxx_decltype
    Feature record: CXX_FEATURE:0cxx_decltype_auto
    Feature record: CXX_FEATURE:1cxx_decltype_incomplete_return_types
    Feature record: CXX_FEATURE:1cxx_default_function_template_args
    Feature record: CXX_FEATURE:1cxx_defaulted_functions
    Feature record: CXX_FEATURE:1cxx_defaulted_move_initializers
    Feature record: CXX_FEATURE:1cxx_delegating_constructors
    Feature record: CXX_FEATURE:1cxx_deleted_functions
    Feature record: CXX_FEATURE:0cxx_digit_separators
    Feature record: CXX_FEATURE:1cxx_enum_forward_declarations
    Feature record: CXX_FEATURE:1cxx_explicit_conversions
    Feature record: CXX_FEATURE:1cxx_extended_friend_declarations
    Feature record: CXX_FEATURE:1cxx_extern_templates
    Feature record: CXX_FEATURE:1cxx_final
    Feature record: CXX_FEATURE:1cxx_func_identifier
    Feature record: CXX_FEATURE:1cxx_generalized_initializers
    Feature record: CXX_FEATURE:0cxx_generic_lambdas
    Feature record: CXX_FEATURE:1cxx_inheriting_constructors
    Feature record: CXX_FEATURE:1cxx_inline_namespaces
    Feature record: CXX_FEATURE:1cxx_lambdas
    Feature record: CXX_FEATURE:0cxx_lambda_init_captures
    Feature record: CXX_FEATURE:1cxx_local_type_template_args
    Feature record: CXX_FEATURE:1cxx_long_long_type
    Feature record: CXX_FEATURE:1cxx_noexcept
    Feature record: CXX_FEATURE:1cxx_nonstatic_member_init
    Feature record: CXX_FEATURE:1cxx_nullptr
    Feature record: CXX_FEATURE:1cxx_override
    Feature record: CXX_FEATURE:1cxx_range_for
    Feature record: CXX_FEATURE:1cxx_raw_string_literals
    Feature record: CXX_FEATURE:1cxx_reference_qualified_functions
    Feature record: CXX_FEATURE:0cxx_relaxed_constexpr
    Feature record: CXX_FEATURE:0cxx_return_type_deduction
    Feature record: CXX_FEATURE:1cxx_right_angle_brackets
    Feature record: CXX_FEATURE:1cxx_rvalue_references
    Feature record: CXX_FEATURE:1cxx_sizeof_member
    Feature record: CXX_FEATURE:1cxx_static_assert
    Feature record: CXX_FEATURE:1cxx_strong_enums
    Feature record: CXX_FEATURE:1cxx_template_template_parameters
    Feature record: CXX_FEATURE:1cxx_thread_local
    Feature record: CXX_FEATURE:1cxx_trailing_return_types
    Feature record: CXX_FEATURE:1cxx_unicode_literals
    Feature record: CXX_FEATURE:1cxx_uniform_initialization
    Feature record: CXX_FEATURE:1cxx_unrestricted_unions
    Feature record: CXX_FEATURE:1cxx_user_literals
    Feature record: CXX_FEATURE:0cxx_variable_templates
    Feature record: CXX_FEATURE:1cxx_variadic_macros
    Feature record: CXX_FEATURE:1cxx_variadic_templates


Detecting CXX [-std=c++98] compiler features compiled with the following output:
Change Dir: /home/netpipe/desktops/5/freq2/pulseviz/CMakeFiles/CMakeTmp

Run Build Command:"/usr/bin/gmake" "cmTC_16212/fast"
/usr/bin/gmake -f CMakeFiles/cmTC_16212.dir/build.make CMakeFiles/cmTC_16212.dir/build
gmake[1]: Entering directory '/home/netpipe/desktops/5/freq2/pulseviz/CMakeFiles/CMakeTmp'
Building CXX object CMakeFiles/cmTC_16212.dir/feature_tests.cxx.o
/usr/bin/c++    -std=c++98 -o CMakeFiles/cmTC_16212.dir/feature_tests.cxx.o -c /home/netpipe/desktops/5/freq2/pulseviz/CMakeFiles/feature_tests.cxx
Linking CXX executable cmTC_16212
/usr/bin/cmake -E cmake_link_script CMakeFiles/cmTC_16212.dir/link.txt --verbose=1
/usr/bin/c++       -rdynamic CMakeFiles/cmTC_16212.dir/feature_tests.cxx.o  -o cmTC_16212 
gmake[1]: Leaving directory '/home/netpipe/desktops/5/freq2/pulseviz/CMakeFiles/CMakeTmp'


    Feature record: CXX_FEATURE:0cxx_aggregate_default_initializers
    Feature record: CXX_FEATURE:0cxx_alias_templates
    Feature record: CXX_FEATURE:0cxx_alignas
    Feature record: CXX_FEATURE:0cxx_alignof
    Feature record: CXX_FEATURE:0cxx_attributes
    Feature record: CXX_FEATURE:0cxx_attribute_deprecated
    Feature record: CXX_FEATURE:0cxx_auto_type
    Feature record: CXX_FEATURE:0cxx_binary_literals
    Feature record: CXX_FEATURE:0cxx_constexpr
    Feature record: CXX_FEATURE:0cxx_contextual_conversions
    Feature record: CXX_FEATURE:0cxx_decltype
    Feature record: CXX_FEATURE:0cxx_decltype_auto
    Feature record: CXX_FEATURE:0cxx_decltype_incomplete_return_types
    Feature record: CXX_FEATURE:0cxx_default_function_template_args
    Feature record: CXX_FEATURE:0cxx_defaulted_functions
    Feature record: CXX_FEATURE:0cxx_defaulted_move_initializers
    Feature record: CXX_FEATURE:0cxx_delegating_constructors
    Feature record: CXX_FEATURE:0cxx_deleted_functions
    Feature record: CXX_FEATURE:0cxx_digit_separators
    Feature record: CXX_FEATURE:0cxx_enum_forward_declarations
    Feature record: CXX_FEATURE:0cxx_explicit_conversions
    Feature record: CXX_FEATURE:0cxx_extended_friend_declarations
    Feature record: CXX_FEATURE:0cxx_extern_templates
    Feature record: CXX_FEATURE:0cxx_final
    Feature record: CXX_FEATURE:0cxx_func_identifier
    Feature record: CXX_FEATURE:0cxx_generalized_initializers
    Feature record: CXX_FEATURE:0cxx_generic_lambdas
    Feature record: CXX_FEATURE:0cxx_inheriting_constructors
    Feature record: CXX_FEATURE:0cxx_inline_namespaces
    Feature record: CXX_FEATURE:0cxx_lambdas
    Feature record: CXX_FEATURE:0cxx_lambda_init_captures
    Feature record: CXX_FEATURE:0cxx_local_type_template_args
    Feature record: CXX_FEATURE:0cxx_long_long_type
    Feature record: CXX_FEATURE:0cxx_noexcept
    Feature record: CXX_FEATURE:0cxx_nonstatic_member_init
    Feature record: CXX_FEATURE:0cxx_nullptr
    Feature record: CXX_FEATURE:0cxx_override
    Feature record: CXX_FEATURE:0cxx_range_for
    Feature record: CXX_FEATURE:0cxx_raw_string_literals
    Feature record: CXX_FEATURE:0cxx_reference_qualified_functions
    Feature record: CXX_FEATURE:0cxx_relaxed_constexpr
    Feature record: CXX_FEATURE:0cxx_return_type_deduction
    Feature record: CXX_FEATURE:0cxx_right_angle_brackets
    Feature record: CXX_FEATURE:0cxx_rvalue_references
    Feature record: CXX_FEATURE:0cxx_sizeof_member
    Feature record: CXX_FEATURE:0cxx_static_assert
    Feature record: CXX_FEATURE:0cxx_strong_enums
    Feature record: CXX_FEATURE:1cxx_template_template_parameters
    Feature record: CXX_FEATURE:0cxx_thread_local
    Feature record: CXX_FEATURE:0cxx_trailing_return_types
    Feature record: CXX_FEATURE:0cxx_unicode_literals
    Feature record: CXX_FEATURE:0cxx_uniform_initialization
    Feature record: CXX_FEATURE:0cxx_unrestricted_unions
    Feature record: CXX_FEATURE:0cxx_user_literals
    Feature record: CXX_FEATURE:0cxx_variable_templates
    Feature record: CXX_FEATURE:0cxx_variadic_macros
    Feature record: CXX_FEATURE:0cxx_variadic_templates
Determining if the include file pthread.h exists passed with the following output:
Change Dir: /home/netpipe/desktops/5/freq2/pulseviz/CMakeFiles/CMakeTmp

Run Build Command:"/usr/bin/gmake" "cmTC_89d22/fast"
/usr/bin/gmake -f CMakeFiles/cmTC_89d22.dir/build.make CMakeFiles/cmTC_89d22.dir/build
gmake[1]: Entering directory '/home/netpipe/desktops/5/freq2/pulseviz/CMakeFiles/CMakeTmp'
Building C object CMakeFiles/cmTC_89d22.dir/CheckIncludeFile.c.o
/usr/bin/cc    -o CMakeFiles/cmTC_89d22.dir/CheckIncludeFile.c.o   -c /home/netpipe/desktops/5/freq2/pulseviz/CMakeFiles/CMakeTmp/CheckIncludeFile.c
Linking C executable cmTC_89d22
/usr/bin/cmake -E cmake_link_script CMakeFiles/cmTC_89d22.dir/link.txt --verbose=1
/usr/bin/cc      CMakeFiles/cmTC_89d22.dir/CheckIncludeFile.c.o  -o cmTC_89d22 
gmake[1]: Leaving directory '/home/netpipe/desktops/5/freq2/pulseviz/CMakeFiles/CMakeTmp'


Determining if the function pthread_create exists in the pthread passed with the following output:
Change Dir: /home/netpipe/desktops/5/freq2/pulseviz/CMakeFiles/CMakeTmp

Run Build Command:"/usr/bin/gmake" "cmTC_ffcc6/fast"
/usr/bin/gmake -f CMakeFiles/cmTC_ffcc6.dir/build.make CMakeFiles/cmTC_ffcc6.dir/build
gmake[1]: Entering directory '/home/netpipe/desktops/5/freq2/pulseviz/CMakeFiles/CMakeTmp'
Building C object CMakeFiles/cmTC_ffcc6.dir/CheckFunctionExists.c.o
/usr/bin/cc   -DCHECK_FUNCTION_EXISTS=pthread_create   -o CMakeFiles/cmTC_ffcc6.dir/CheckFunctionExists.c.o   -c /usr/share/cmake/Modules/CheckFunctionExists.c
Linking C executable cmTC_ffcc6
/usr/bin/cmake -E cmake_link_script CMakeFiles/cmTC_ffcc6.dir/link.txt --verbose=1
/usr/bin/cc  -DCHECK_FUNCTION_EXISTS=pthread_create    CMakeFiles/cmTC_ffcc6.dir/CheckFunctionExists.c.o  -o cmTC_ffcc6 -lpthread 
gmake[1]: Leaving directory '/home/netpipe/desktops/5/freq2/pulseviz/CMakeFiles/CMakeTmp'


