Determining if the pthread_create exist failed with the following output:
Change Dir: /home/netpipe/Desktop/pulseviz/CMakeFiles/CMakeTmp

Run Build Command:"/usr/bin/gmake" "cmTC_3bb2e/fast"
/usr/bin/gmake -f CMakeFiles/cmTC_3bb2e.dir/build.make CMakeFiles/cmTC_3bb2e.dir/build
gmake[1]: Entering directory '/home/netpipe/Desktop/pulseviz/CMakeFiles/CMakeTmp'
Building C object CMakeFiles/cmTC_3bb2e.dir/CheckSymbolExists.c.o
/usr/bin/cc    -o CMakeFiles/cmTC_3bb2e.dir/CheckSymbolExists.c.o   -c /home/netpipe/Desktop/pulseviz/CMakeFiles/CMakeTmp/CheckSymbolExists.c
Linking C executable cmTC_3bb2e
/usr/bin/cmake -E cmake_link_script CMakeFiles/cmTC_3bb2e.dir/link.txt --verbose=1
/usr/bin/cc      CMakeFiles/cmTC_3bb2e.dir/CheckSymbolExists.c.o  -o cmTC_3bb2e 
/usr/lib64/gcc/x86_64-suse-linux/7/../../../../x86_64-suse-linux/bin/ld: CMakeFiles/cmTC_3bb2e.dir/CheckSymbolExists.c.o: in function `main':
CheckSymbolExists.c:(.text+0x16): undefined reference to `pthread_create'
collect2: error: ld returned 1 exit status
gmake[1]: *** [CMakeFiles/cmTC_3bb2e.dir/build.make:98: cmTC_3bb2e] Error 1
gmake[1]: Leaving directory '/home/netpipe/Desktop/pulseviz/CMakeFiles/CMakeTmp'
gmake: *** [Makefile:126: cmTC_3bb2e/fast] Error 2

File /home/netpipe/Desktop/pulseviz/CMakeFiles/CMakeTmp/CheckSymbolExists.c:
/* */
#include <pthread.h>

int main(int argc, char** argv)
{
  (void)argv;
#ifndef pthread_create
  return ((int*)(&pthread_create))[argc];
#else
  (void)argc;
  return 0;
#endif
}

Determining if the function pthread_create exists in the pthreads failed with the following output:
Change Dir: /home/netpipe/Desktop/pulseviz/CMakeFiles/CMakeTmp

Run Build Command:"/usr/bin/gmake" "cmTC_084a9/fast"
/usr/bin/gmake -f CMakeFiles/cmTC_084a9.dir/build.make CMakeFiles/cmTC_084a9.dir/build
gmake[1]: Entering directory '/home/netpipe/Desktop/pulseviz/CMakeFiles/CMakeTmp'
Building C object CMakeFiles/cmTC_084a9.dir/CheckFunctionExists.c.o
/usr/bin/cc   -DCHECK_FUNCTION_EXISTS=pthread_create   -o CMakeFiles/cmTC_084a9.dir/CheckFunctionExists.c.o   -c /usr/share/cmake/Modules/CheckFunctionExists.c
Linking C executable cmTC_084a9
/usr/bin/cmake -E cmake_link_script CMakeFiles/cmTC_084a9.dir/link.txt --verbose=1
/usr/bin/cc  -DCHECK_FUNCTION_EXISTS=pthread_create    CMakeFiles/cmTC_084a9.dir/CheckFunctionExists.c.o  -o cmTC_084a9 -lpthreads 
/usr/lib64/gcc/x86_64-suse-linux/7/../../../../x86_64-suse-linux/bin/ld: cannot find -lpthreads
collect2: error: ld returned 1 exit status
gmake[1]: *** [CMakeFiles/cmTC_084a9.dir/build.make:98: cmTC_084a9] Error 1
gmake[1]: Leaving directory '/home/netpipe/Desktop/pulseviz/CMakeFiles/CMakeTmp'
gmake: *** [Makefile:126: cmTC_084a9/fast] Error 2


Determining if the pthread_create exist failed with the following output:
Change Dir: /home/netpipe/desktops/5/freq2/pulseviz/CMakeFiles/CMakeTmp

Run Build Command:"/usr/bin/gmake" "cmTC_77b5e/fast"
/usr/bin/gmake -f CMakeFiles/cmTC_77b5e.dir/build.make CMakeFiles/cmTC_77b5e.dir/build
gmake[1]: Entering directory '/home/netpipe/desktops/5/freq2/pulseviz/CMakeFiles/CMakeTmp'
Building C object CMakeFiles/cmTC_77b5e.dir/CheckSymbolExists.c.o
/usr/bin/cc    -o CMakeFiles/cmTC_77b5e.dir/CheckSymbolExists.c.o   -c /home/netpipe/desktops/5/freq2/pulseviz/CMakeFiles/CMakeTmp/CheckSymbolExists.c
Linking C executable cmTC_77b5e
/usr/bin/cmake -E cmake_link_script CMakeFiles/cmTC_77b5e.dir/link.txt --verbose=1
/usr/bin/cc      CMakeFiles/cmTC_77b5e.dir/CheckSymbolExists.c.o  -o cmTC_77b5e 
/usr/lib64/gcc/x86_64-suse-linux/7/../../../../x86_64-suse-linux/bin/ld: CMakeFiles/cmTC_77b5e.dir/CheckSymbolExists.c.o: in function `main':
CheckSymbolExists.c:(.text+0x16): undefined reference to `pthread_create'
collect2: error: ld returned 1 exit status
gmake[1]: *** [CMakeFiles/cmTC_77b5e.dir/build.make:98: cmTC_77b5e] Error 1
gmake[1]: Leaving directory '/home/netpipe/desktops/5/freq2/pulseviz/CMakeFiles/CMakeTmp'
gmake: *** [Makefile:126: cmTC_77b5e/fast] Error 2

File /home/netpipe/desktops/5/freq2/pulseviz/CMakeFiles/CMakeTmp/CheckSymbolExists.c:
/* */
#include <pthread.h>

int main(int argc, char** argv)
{
  (void)argv;
#ifndef pthread_create
  return ((int*)(&pthread_create))[argc];
#else
  (void)argc;
  return 0;
#endif
}

Determining if the function pthread_create exists in the pthreads failed with the following output:
Change Dir: /home/netpipe/desktops/5/freq2/pulseviz/CMakeFiles/CMakeTmp

Run Build Command:"/usr/bin/gmake" "cmTC_62116/fast"
/usr/bin/gmake -f CMakeFiles/cmTC_62116.dir/build.make CMakeFiles/cmTC_62116.dir/build
gmake[1]: Entering directory '/home/netpipe/desktops/5/freq2/pulseviz/CMakeFiles/CMakeTmp'
Building C object CMakeFiles/cmTC_62116.dir/CheckFunctionExists.c.o
/usr/bin/cc   -DCHECK_FUNCTION_EXISTS=pthread_create   -o CMakeFiles/cmTC_62116.dir/CheckFunctionExists.c.o   -c /usr/share/cmake/Modules/CheckFunctionExists.c
Linking C executable cmTC_62116
/usr/bin/cmake -E cmake_link_script CMakeFiles/cmTC_62116.dir/link.txt --verbose=1
/usr/bin/cc  -DCHECK_FUNCTION_EXISTS=pthread_create    CMakeFiles/cmTC_62116.dir/CheckFunctionExists.c.o  -o cmTC_62116 -lpthreads 
/usr/lib64/gcc/x86_64-suse-linux/7/../../../../x86_64-suse-linux/bin/ld: cannot find -lpthreads
collect2: error: ld returned 1 exit status
gmake[1]: *** [CMakeFiles/cmTC_62116.dir/build.make:98: cmTC_62116] Error 1
gmake[1]: Leaving directory '/home/netpipe/desktops/5/freq2/pulseviz/CMakeFiles/CMakeTmp'
gmake: *** [Makefile:126: cmTC_62116/fast] Error 2


